[debug] [2021-11-11T06:33:52.630Z] ----------------------------------------------------------------------
[debug] [2021-11-11T06:33:52.632Z] Command:       /usr/local/bin/node /usr/local/bin/firebase deploy --only functions
[debug] [2021-11-11T06:33:52.632Z] CLI Version:   9.18.0
[debug] [2021-11-11T06:33:52.632Z] Platform:      darwin
[debug] [2021-11-11T06:33:52.632Z] Node Version:  v14.17.5
[debug] [2021-11-11T06:33:52.633Z] Time:          Thu Nov 11 2021 07:33:52 GMT+0100 (Central European Standard Time)
[debug] [2021-11-11T06:33:52.633Z] ----------------------------------------------------------------------
[debug] 
[debug] [2021-11-11T06:33:52.669Z] > command requires scopes: ["email","openid","https://www.googleapis.com/auth/cloudplatformprojects.readonly","https://www.googleapis.com/auth/firebase","https://www.googleapis.com/auth/cloud-platform"]
[debug] [2021-11-11T06:33:52.669Z] > authorizing via signed-in user (bookable24.de@gmail.com)
[debug] [2021-11-11T06:33:52.669Z] [iam] checking project bookable24-61ec2 for permissions ["cloudfunctions.functions.create","cloudfunctions.functions.delete","cloudfunctions.functions.get","cloudfunctions.functions.list","cloudfunctions.functions.update","cloudfunctions.operations.get","firebase.projects.get"]
[debug] [2021-11-11T06:33:52.671Z] >>> HTTP REQUEST POST https://cloudresourcemanager.googleapis.com/v1/projects/bookable24-61ec2:testIamPermissions  
 {"permissions":["cloudfunctions.functions.create","cloudfunctions.functions.delete","cloudfunctions.functions.get","cloudfunctions.functions.list","cloudfunctions.functions.update","cloudfunctions.operations.get","firebase.projects.get"]}
[debug] [2021-11-11T06:33:53.644Z] <<< HTTP RESPONSE 200 {"content-type":"application/json; charset=UTF-8","vary":"X-Origin, Referer, Origin,Accept-Encoding","date":"Thu, 11 Nov 2021 06:33:53 GMT","server":"ESF","cache-control":"private","x-xss-protection":"0","x-frame-options":"SAMEORIGIN","x-content-type-options":"nosniff","server-timing":"gfet4t7; dur=802","alt-svc":"h3=\":443\"; ma=2592000,h3-29=\":443\"; ma=2592000,h3-Q050=\":443\"; ma=2592000,h3-Q046=\":443\"; ma=2592000,h3-Q043=\":443\"; ma=2592000,quic=\":443\"; ma=2592000; v=\"46,43\"","accept-ranges":"none","transfer-encoding":"chunked"}
[debug] [2021-11-11T06:33:53.645Z] >>> HTTP REQUEST POST https://iam.googleapis.com/v1/projects/bookable24-61ec2/serviceAccounts/bookable24-61ec2@appspot.gserviceaccount.com:testIamPermissions  
 {"permissions":["iam.serviceAccounts.actAs"]}
[debug] [2021-11-11T06:33:54.494Z] <<< HTTP RESPONSE 200 {"content-type":"application/json; charset=UTF-8","vary":"X-Origin, Referer, Origin,Accept-Encoding","date":"Thu, 11 Nov 2021 06:33:54 GMT","server":"ESF","cache-control":"private","x-xss-protection":"0","x-frame-options":"SAMEORIGIN","x-content-type-options":"nosniff","alt-svc":"h3=\":443\"; ma=2592000,h3-29=\":443\"; ma=2592000,h3-Q050=\":443\"; ma=2592000,h3-Q046=\":443\"; ma=2592000,h3-Q043=\":443\"; ma=2592000,quic=\":443\"; ma=2592000; v=\"46,43\"","accept-ranges":"none","transfer-encoding":"chunked"}
[info] 
[info] === Deploying to 'bookable24-61ec2'...
[info] 
[info] i  deploying functions 
[info] Running command: npm --prefix "$RESOURCE_DIR" run build
