[debug] [2021-11-13T13:45:09.914Z] ----------------------------------------------------------------------
[debug] [2021-11-13T13:45:09.915Z] Command:       /usr/local/bin/node /usr/local/bin/firebase emulators:start --only functions
[debug] [2021-11-13T13:45:09.916Z] CLI Version:   9.18.0
[debug] [2021-11-13T13:45:09.916Z] Platform:      darwin
[debug] [2021-11-13T13:45:09.916Z] Node Version:  v14.17.5
[debug] [2021-11-13T13:45:09.916Z] Time:          Sat Nov 13 2021 14:45:09 GMT+0100 (Central European Standard Time)
[debug] [2021-11-13T13:45:09.916Z] ----------------------------------------------------------------------
[debug] 
[debug] [2021-11-13T13:45:09.954Z] > command requires scopes: ["email","openid","https://www.googleapis.com/auth/cloudplatformprojects.readonly","https://www.googleapis.com/auth/firebase","https://www.googleapis.com/auth/cloud-platform"]
[debug] [2021-11-13T13:45:09.954Z] > authorizing via signed-in user (bookable24.de@gmail.com)
[info] i  emulators: Starting emulators: functions {"metadata":{"emulator":{"name":"hub"},"message":"Starting emulators: functions"}}
[debug] [2021-11-13T13:45:09.973Z] [hub] writing locator at /var/folders/zm/6xzb_hrn4q545hn87_2fq4_c0000gn/T/hub-bookable24-61ec2.json
[warn] ⚠  functions: The following emulators are not running, calls to these services from the Functions emulator will affect production: auth, firestore, database, hosting, pubsub, storage {"metadata":{"emulator":{"name":"functions"},"message":"The following emulators are not running, calls to these services from the Functions emulator will affect production: \u001b[1mauth, firestore, database, hosting, pubsub, storage\u001b[22m"}}
[info] ✔  functions: Using node@14 from host. {"metadata":{"emulator":{"name":"functions"},"message":"Using node@14 from host."}}
[debug] [2021-11-13T13:45:10.192Z] defaultcredentials: writing to file /Users/stephan/.config/firebase/bookable24_de_gmail.com_application_default_credentials.json
[debug] [2021-11-13T13:45:10.194Z] Setting GAC to /Users/stephan/.config/firebase/bookable24_de_gmail.com_application_default_credentials.json {"metadata":{"emulator":{"name":"functions"},"message":"Setting GAC to /Users/stephan/.config/firebase/bookable24_de_gmail.com_application_default_credentials.json"}}
[debug] [2021-11-13T13:45:10.196Z] > refreshing access token with scopes: []
[debug] [2021-11-13T13:45:10.196Z] >>> HTTP REQUEST POST https://www.googleapis.com/oauth2/v3/token  
 <request body omitted>
[debug] [2021-11-13T13:45:11.364Z] <<< HTTP RESPONSE 200 {"expires":"Mon, 01 Jan 1990 00:00:00 GMT","pragma":"no-cache","date":"Sat, 13 Nov 2021 13:45:11 GMT","cache-control":"no-cache, no-store, max-age=0, must-revalidate","content-type":"application/json; charset=utf-8","vary":"X-Origin, Referer, Origin,Accept-Encoding","server":"scaffolding on HTTPServer2","x-xss-protection":"0","x-frame-options":"SAMEORIGIN","x-content-type-options":"nosniff","alt-svc":"clear","accept-ranges":"none","transfer-encoding":"chunked"}
[debug] [2021-11-13T13:45:11.385Z] >>> [apiv2][query] GET https://firebase.googleapis.com/v1beta1/projects/bookable24-61ec2/adminSdkConfig [none]
[debug] [2021-11-13T13:45:11.912Z] <<< [apiv2][status] GET https://firebase.googleapis.com/v1beta1/projects/bookable24-61ec2/adminSdkConfig 200
[debug] [2021-11-13T13:45:11.913Z] <<< [apiv2][body] GET https://firebase.googleapis.com/v1beta1/projects/bookable24-61ec2/adminSdkConfig {"projectId":"bookable24-61ec2","storageBucket":"bookable24-61ec2.appspot.com","locationId":"europe-west3"}
[debug] [2021-11-13T13:45:12.442Z] Ignoring unsupported arg: auto_download {"metadata":{"emulator":{"name":"ui"},"message":"Ignoring unsupported arg: auto_download"}}
[debug] [2021-11-13T13:45:12.442Z] Ignoring unsupported arg: port {"metadata":{"emulator":{"name":"ui"},"message":"Ignoring unsupported arg: port"}}
[debug] [2021-11-13T13:45:12.442Z] Starting Emulator UI with command {"binary":"node","args":["/Users/stephan/.cache/firebase/emulators/ui-v1.6.3/server.bundle.js"],"optionalArgs":[],"joinArgs":false} {"metadata":{"emulator":{"name":"ui"},"message":"Starting Emulator UI with command {\"binary\":\"node\",\"args\":[\"/Users/stephan/.cache/firebase/emulators/ui-v1.6.3/server.bundle.js\"],\"optionalArgs\":[],\"joinArgs\":false}"}}
[info] i  ui: Emulator UI logging to ui-debug.log {"metadata":{"emulator":{"name":"ui"},"message":"Emulator UI logging to \u001b[1mui-debug.log\u001b[22m"}}
[debug] [2021-11-13T13:45:12.513Z] Web / API server started at localhost:4000
 {"metadata":{"emulator":{"name":"ui"},"message":"Web / API server started at localhost:4000\n"}}
[info] i  functions: Watching "/Users/stephan/Dev/Working/bookable24-firebase/functions" for Cloud Functions... {"metadata":{"emulator":{"name":"functions"},"message":"Watching \"/Users/stephan/Dev/Working/bookable24-firebase/functions\" for Cloud Functions..."}}
[debug] [2021-11-13T13:45:12.710Z] [worker-pool] addWorker(~diagnostic~) {"metadata":{"emulator":{"name":"functions"},"message":"[worker-pool] addWorker(~diagnostic~)"}}
[debug] [2021-11-13T13:45:12.711Z] [worker-pool] Adding worker with key ~diagnostic~, total=1 {"metadata":{"emulator":{"name":"functions"},"message":"[worker-pool] Adding worker with key ~diagnostic~, total=1"}}
[debug] [2021-11-13T13:45:12.711Z] [worker-pool] submitWork(triggerId=) {"metadata":{"emulator":{"name":"functions"},"message":"[worker-pool] submitWork(triggerId=)"}}
[debug] [2021-11-13T13:45:12.711Z] [worker-~diagnostic~-9fbb7350-adac-4593-a212-305ca5b9ffad]: Assigning socketPath: /var/folders/zm/6xzb_hrn4q545hn87_2fq4_c0000gn/T/fire_emu_5584.sock {"metadata":{"emulator":{"name":"functions"},"message":"[worker-~diagnostic~-9fbb7350-adac-4593-a212-305ca5b9ffad]: Assigning socketPath: /var/folders/zm/6xzb_hrn4q545hn87_2fq4_c0000gn/T/fire_emu_5584.sock"}}
[debug] [2021-11-13T13:45:12.711Z] [worker-~diagnostic~-9fbb7350-adac-4593-a212-305ca5b9ffad]: BUSY {"metadata":{"emulator":{"name":"functions"},"message":"[worker-~diagnostic~-9fbb7350-adac-4593-a212-305ca5b9ffad]: BUSY"}}
[debug] [2021-11-13T13:45:12.886Z] [runtime-status] [5584] Functions runtime initialized. {"cwd":"/Users/stephan/Dev/Working/bookable24-firebase/functions","node_version":"14.17.5"} {"metadata":{"emulator":{"name":"functions"},"message":"[runtime-status] [5584] Functions runtime initialized. {\"cwd\":\"/Users/stephan/Dev/Working/bookable24-firebase/functions\",\"node_version\":\"14.17.5\"}"}}
[debug] [2021-11-13T13:45:12.887Z] [runtime-status] [5584] Disabled runtime features: undefined {"metadata":{"emulator":{"name":"functions"},"message":"[runtime-status] [5584] Disabled runtime features: undefined"}}
[debug] [2021-11-13T13:45:12.888Z] [runtime-status] [5584] Resolved module firebase-admin {"declared":true,"installed":true,"version":"9.12.0","resolution":"/Users/stephan/Dev/Working/bookable24-firebase/functions/node_modules/firebase-admin/lib/index.js"} {"metadata":{"emulator":{"name":"functions"},"message":"[runtime-status] [5584] Resolved module firebase-admin {\"declared\":true,\"installed\":true,\"version\":\"9.12.0\",\"resolution\":\"/Users/stephan/Dev/Working/bookable24-firebase/functions/node_modules/firebase-admin/lib/index.js\"}"}}
[debug] [2021-11-13T13:45:12.890Z] [runtime-status] [5584] Resolved module firebase-functions {"declared":true,"installed":true,"version":"3.16.0","resolution":"/Users/stephan/Dev/Working/bookable24-firebase/functions/node_modules/firebase-functions/lib/index.js"} {"metadata":{"emulator":{"name":"functions"},"message":"[runtime-status] [5584] Resolved module firebase-functions {\"declared\":true,\"installed\":true,\"version\":\"3.16.0\",\"resolution\":\"/Users/stephan/Dev/Working/bookable24-firebase/functions/node_modules/firebase-functions/lib/index.js\"}"}}
[debug] [2021-11-13T13:45:12.891Z] [runtime-status] [5584] Resolved module firebase-functions {"declared":true,"installed":true,"version":"3.16.0","resolution":"/Users/stephan/Dev/Working/bookable24-firebase/functions/node_modules/firebase-functions/lib/index.js"} {"metadata":{"emulator":{"name":"functions"},"message":"[runtime-status] [5584] Resolved module firebase-functions {\"declared\":true,\"installed\":true,\"version\":\"3.16.0\",\"resolution\":\"/Users/stephan/Dev/Working/bookable24-firebase/functions/node_modules/firebase-functions/lib/index.js\"}"}}
[debug] [2021-11-13T13:45:12.893Z] [runtime-status] [5584] Outgoing network have been stubbed. [{"name":"http","status":"mocked"},{"name":"http","status":"mocked"},{"name":"https","status":"mocked"},{"name":"https","status":"mocked"},{"name":"net","status":"mocked"}] {"metadata":{"emulator":{"name":"functions"},"message":"[runtime-status] [5584] Outgoing network have been stubbed. [{\"name\":\"http\",\"status\":\"mocked\"},{\"name\":\"http\",\"status\":\"mocked\"},{\"name\":\"https\",\"status\":\"mocked\"},{\"name\":\"https\",\"status\":\"mocked\"},{\"name\":\"net\",\"status\":\"mocked\"}]"}}
[debug] [2021-11-13T13:45:12.893Z] [runtime-status] [5584] Resolved module firebase-functions {"declared":true,"installed":true,"version":"3.16.0","resolution":"/Users/stephan/Dev/Working/bookable24-firebase/functions/node_modules/firebase-functions/lib/index.js"} {"metadata":{"emulator":{"name":"functions"},"message":"[runtime-status] [5584] Resolved module firebase-functions {\"declared\":true,\"installed\":true,\"version\":\"3.16.0\",\"resolution\":\"/Users/stephan/Dev/Working/bookable24-firebase/functions/node_modules/firebase-functions/lib/index.js\"}"}}
[debug] [2021-11-13T13:45:12.916Z] [runtime-status] [5584] Checked functions.config() {"config":{}} {"metadata":{"emulator":{"name":"functions"},"message":"[runtime-status] [5584] Checked functions.config() {\"config\":{}}"}}
[debug] [2021-11-13T13:45:12.917Z] [runtime-status] [5584] firebase-functions has been stubbed. {"functionsResolution":{"declared":true,"installed":true,"version":"3.16.0","resolution":"/Users/stephan/Dev/Working/bookable24-firebase/functions/node_modules/firebase-functions/lib/index.js"}} {"metadata":{"emulator":{"name":"functions"},"message":"[runtime-status] [5584] firebase-functions has been stubbed. {\"functionsResolution\":{\"declared\":true,\"installed\":true,\"version\":\"3.16.0\",\"resolution\":\"/Users/stephan/Dev/Working/bookable24-firebase/functions/node_modules/firebase-functions/lib/index.js\"}}"}}
[debug] [2021-11-13T13:45:12.917Z] [runtime-status] [5584] Resolved module firebase-functions {"declared":true,"installed":true,"version":"3.16.0","resolution":"/Users/stephan/Dev/Working/bookable24-firebase/functions/node_modules/firebase-functions/lib/index.js"} {"metadata":{"emulator":{"name":"functions"},"message":"[runtime-status] [5584] Resolved module firebase-functions {\"declared\":true,\"installed\":true,\"version\":\"3.16.0\",\"resolution\":\"/Users/stephan/Dev/Working/bookable24-firebase/functions/node_modules/firebase-functions/lib/index.js\"}"}}
[debug] [2021-11-13T13:45:12.918Z] [runtime-status] [5584] Resolved module firebase-admin {"declared":true,"installed":true,"version":"9.12.0","resolution":"/Users/stephan/Dev/Working/bookable24-firebase/functions/node_modules/firebase-admin/lib/index.js"} {"metadata":{"emulator":{"name":"functions"},"message":"[runtime-status] [5584] Resolved module firebase-admin {\"declared\":true,\"installed\":true,\"version\":\"9.12.0\",\"resolution\":\"/Users/stephan/Dev/Working/bookable24-firebase/functions/node_modules/firebase-admin/lib/index.js\"}"}}
[debug] [2021-11-13T13:45:12.918Z] [runtime-status] [5584] Resolved module firebase-functions {"declared":true,"installed":true,"version":"3.16.0","resolution":"/Users/stephan/Dev/Working/bookable24-firebase/functions/node_modules/firebase-functions/lib/index.js"} {"metadata":{"emulator":{"name":"functions"},"message":"[runtime-status] [5584] Resolved module firebase-functions {\"declared\":true,\"installed\":true,\"version\":\"3.16.0\",\"resolution\":\"/Users/stephan/Dev/Working/bookable24-firebase/functions/node_modules/firebase-functions/lib/index.js\"}"}}
[debug] [2021-11-13T13:45:12.918Z] [runtime-status] [5584] firebase-admin has been stubbed. {"adminResolution":{"declared":true,"installed":true,"version":"9.12.0","resolution":"/Users/stephan/Dev/Working/bookable24-firebase/functions/node_modules/firebase-admin/lib/index.js"}} {"metadata":{"emulator":{"name":"functions"},"message":"[runtime-status] [5584] firebase-admin has been stubbed. {\"adminResolution\":{\"declared\":true,\"installed\":true,\"version\":\"9.12.0\",\"resolution\":\"/Users/stephan/Dev/Working/bookable24-firebase/functions/node_modules/firebase-admin/lib/index.js\"}}"}}
[info] ✔  functions[europe-west3-api]: http function initialized (http://localhost:5001/bookable24-61ec2/europe-west3/api). {"metadata":{"emulator":{"name":"functions"},"message":"\u001b[1mhttp\u001b[22m function initialized (http://localhost:5001/bookable24-61ec2/europe-west3/api)."}}
[info] ✔  functions[europe-west3-helloworld]: http function initialized (http://localhost:5001/bookable24-61ec2/europe-west3/helloworld). {"metadata":{"emulator":{"name":"functions"},"message":"\u001b[1mhttp\u001b[22m function initialized (http://localhost:5001/bookable24-61ec2/europe-west3/helloworld)."}}
[info] 
┌─────────────────────────────────────────────────────────────┐
│ ✔  All emulators ready! It is now safe to connect your app. │
│ i  View Emulator UI at http://localhost:4000                │
└─────────────────────────────────────────────────────────────┘

┌───────────┬────────────────┬─────────────────────────────────┐
│ Emulator  │ Host:Port      │ View in Emulator UI             │
├───────────┼────────────────┼─────────────────────────────────┤
│ Functions │ localhost:5001 │ http://localhost:4000/functions │
└───────────┴────────────────┴─────────────────────────────────┘
  Emulator Hub running at localhost:4400
  Other reserved ports: 4500

Issues? Report them at https://github.com/firebase/firebase-tools/issues and attach the *-debug.log files.
 
[debug] [2021-11-13T13:45:13.019Z] [worker-~diagnostic~-9fbb7350-adac-4593-a212-305ca5b9ffad]: IDLE {"metadata":{"emulator":{"name":"functions"},"message":"[worker-~diagnostic~-9fbb7350-adac-4593-a212-305ca5b9ffad]: IDLE"}}
[debug] [2021-11-13T13:45:29.315Z] [work-queue] {"queueLength":1,"workRunningCount":0}
[debug] [2021-11-13T13:45:29.315Z] [work-queue] {"queueLength":0,"workRunningCount":1}
[debug] [2021-11-13T13:45:29.315Z] Accepted request OPTIONS /bookable24-61ec2/europe-west3/api/shopinfo --> europe-west3-api
[debug] [2021-11-13T13:45:29.320Z] [worker-pool] addWorker(europe-west3-api) {"metadata":{"emulator":{"name":"functions"},"message":"[worker-pool] addWorker(europe-west3-api)"}}
[debug] [2021-11-13T13:45:29.320Z] [worker-pool] Adding worker with key europe-west3-api, total=1 {"metadata":{"emulator":{"name":"functions"},"message":"[worker-pool] Adding worker with key europe-west3-api, total=1"}}
[debug] [2021-11-13T13:45:29.320Z] [worker-pool] submitWork(triggerId=europe-west3-api) {"metadata":{"emulator":{"name":"functions"},"message":"[worker-pool] submitWork(triggerId=europe-west3-api)"}}
[debug] [2021-11-13T13:45:29.320Z] [worker-europe-west3-api-be4d9b31-920e-4ce6-8ba2-1aa60934e373]: Assigning socketPath: /var/folders/zm/6xzb_hrn4q545hn87_2fq4_c0000gn/T/fire_emu_5601.sock {"metadata":{"emulator":{"name":"functions"},"message":"[worker-europe-west3-api-be4d9b31-920e-4ce6-8ba2-1aa60934e373]: Assigning socketPath: /var/folders/zm/6xzb_hrn4q545hn87_2fq4_c0000gn/T/fire_emu_5601.sock"}}
[debug] [2021-11-13T13:45:29.320Z] [worker-europe-west3-api-be4d9b31-920e-4ce6-8ba2-1aa60934e373]: BUSY {"metadata":{"emulator":{"name":"functions"},"message":"[worker-europe-west3-api-be4d9b31-920e-4ce6-8ba2-1aa60934e373]: BUSY"}}
[debug] [2021-11-13T13:45:29.562Z] [runtime-status] [5601] Functions runtime initialized. {"cwd":"/Users/stephan/Dev/Working/bookable24-firebase/functions","node_version":"14.17.5"} {"metadata":{"emulator":{"name":"functions"},"function":{"name":"europe-west3-api"},"message":"[runtime-status] [5601] Functions runtime initialized. {\"cwd\":\"/Users/stephan/Dev/Working/bookable24-firebase/functions\",\"node_version\":\"14.17.5\"}"}}
[debug] [2021-11-13T13:45:29.563Z] [runtime-status] [5601] Disabled runtime features: undefined {"metadata":{"emulator":{"name":"functions"},"function":{"name":"europe-west3-api"},"message":"[runtime-status] [5601] Disabled runtime features: undefined"}}
[debug] [2021-11-13T13:45:29.565Z] [runtime-status] [5601] Resolved module firebase-admin {"declared":true,"installed":true,"version":"9.12.0","resolution":"/Users/stephan/Dev/Working/bookable24-firebase/functions/node_modules/firebase-admin/lib/index.js"} {"metadata":{"emulator":{"name":"functions"},"function":{"name":"europe-west3-api"},"message":"[runtime-status] [5601] Resolved module firebase-admin {\"declared\":true,\"installed\":true,\"version\":\"9.12.0\",\"resolution\":\"/Users/stephan/Dev/Working/bookable24-firebase/functions/node_modules/firebase-admin/lib/index.js\"}"}}
[debug] [2021-11-13T13:45:29.567Z] [runtime-status] [5601] Resolved module firebase-functions {"declared":true,"installed":true,"version":"3.16.0","resolution":"/Users/stephan/Dev/Working/bookable24-firebase/functions/node_modules/firebase-functions/lib/index.js"} {"metadata":{"emulator":{"name":"functions"},"function":{"name":"europe-west3-api"},"message":"[runtime-status] [5601] Resolved module firebase-functions {\"declared\":true,\"installed\":true,\"version\":\"3.16.0\",\"resolution\":\"/Users/stephan/Dev/Working/bookable24-firebase/functions/node_modules/firebase-functions/lib/index.js\"}"}}
[debug] [2021-11-13T13:45:29.569Z] [runtime-status] [5601] Resolved module firebase-functions {"declared":true,"installed":true,"version":"3.16.0","resolution":"/Users/stephan/Dev/Working/bookable24-firebase/functions/node_modules/firebase-functions/lib/index.js"} {"metadata":{"emulator":{"name":"functions"},"function":{"name":"europe-west3-api"},"message":"[runtime-status] [5601] Resolved module firebase-functions {\"declared\":true,\"installed\":true,\"version\":\"3.16.0\",\"resolution\":\"/Users/stephan/Dev/Working/bookable24-firebase/functions/node_modules/firebase-functions/lib/index.js\"}"}}
[debug] [2021-11-13T13:45:29.570Z] [runtime-status] [5601] Outgoing network have been stubbed. [{"name":"http","status":"mocked"},{"name":"http","status":"mocked"},{"name":"https","status":"mocked"},{"name":"https","status":"mocked"},{"name":"net","status":"mocked"}] {"metadata":{"emulator":{"name":"functions"},"function":{"name":"europe-west3-api"},"message":"[runtime-status] [5601] Outgoing network have been stubbed. [{\"name\":\"http\",\"status\":\"mocked\"},{\"name\":\"http\",\"status\":\"mocked\"},{\"name\":\"https\",\"status\":\"mocked\"},{\"name\":\"https\",\"status\":\"mocked\"},{\"name\":\"net\",\"status\":\"mocked\"}]"}}
[debug] [2021-11-13T13:45:29.571Z] [runtime-status] [5601] Resolved module firebase-functions {"declared":true,"installed":true,"version":"3.16.0","resolution":"/Users/stephan/Dev/Working/bookable24-firebase/functions/node_modules/firebase-functions/lib/index.js"} {"metadata":{"emulator":{"name":"functions"},"function":{"name":"europe-west3-api"},"message":"[runtime-status] [5601] Resolved module firebase-functions {\"declared\":true,\"installed\":true,\"version\":\"3.16.0\",\"resolution\":\"/Users/stephan/Dev/Working/bookable24-firebase/functions/node_modules/firebase-functions/lib/index.js\"}"}}
[debug] [2021-11-13T13:45:29.602Z] [runtime-status] [5601] Checked functions.config() {"config":{}} {"metadata":{"emulator":{"name":"functions"},"function":{"name":"europe-west3-api"},"message":"[runtime-status] [5601] Checked functions.config() {\"config\":{}}"}}
[debug] [2021-11-13T13:45:29.602Z] [runtime-status] [5601] firebase-functions has been stubbed. {"functionsResolution":{"declared":true,"installed":true,"version":"3.16.0","resolution":"/Users/stephan/Dev/Working/bookable24-firebase/functions/node_modules/firebase-functions/lib/index.js"}} {"metadata":{"emulator":{"name":"functions"},"function":{"name":"europe-west3-api"},"message":"[runtime-status] [5601] firebase-functions has been stubbed. {\"functionsResolution\":{\"declared\":true,\"installed\":true,\"version\":\"3.16.0\",\"resolution\":\"/Users/stephan/Dev/Working/bookable24-firebase/functions/node_modules/firebase-functions/lib/index.js\"}}"}}
[debug] [2021-11-13T13:45:29.602Z] [runtime-status] [5601] Resolved module firebase-functions {"declared":true,"installed":true,"version":"3.16.0","resolution":"/Users/stephan/Dev/Working/bookable24-firebase/functions/node_modules/firebase-functions/lib/index.js"} {"metadata":{"emulator":{"name":"functions"},"function":{"name":"europe-west3-api"},"message":"[runtime-status] [5601] Resolved module firebase-functions {\"declared\":true,\"installed\":true,\"version\":\"3.16.0\",\"resolution\":\"/Users/stephan/Dev/Working/bookable24-firebase/functions/node_modules/firebase-functions/lib/index.js\"}"}}
[debug] [2021-11-13T13:45:29.603Z] [runtime-status] [5601] Resolved module firebase-admin {"declared":true,"installed":true,"version":"9.12.0","resolution":"/Users/stephan/Dev/Working/bookable24-firebase/functions/node_modules/firebase-admin/lib/index.js"} {"metadata":{"emulator":{"name":"functions"},"function":{"name":"europe-west3-api"},"message":"[runtime-status] [5601] Resolved module firebase-admin {\"declared\":true,\"installed\":true,\"version\":\"9.12.0\",\"resolution\":\"/Users/stephan/Dev/Working/bookable24-firebase/functions/node_modules/firebase-admin/lib/index.js\"}"}}
[debug] [2021-11-13T13:45:29.603Z] [runtime-status] [5601] Resolved module firebase-functions {"declared":true,"installed":true,"version":"3.16.0","resolution":"/Users/stephan/Dev/Working/bookable24-firebase/functions/node_modules/firebase-functions/lib/index.js"} {"metadata":{"emulator":{"name":"functions"},"function":{"name":"europe-west3-api"},"message":"[runtime-status] [5601] Resolved module firebase-functions {\"declared\":true,\"installed\":true,\"version\":\"3.16.0\",\"resolution\":\"/Users/stephan/Dev/Working/bookable24-firebase/functions/node_modules/firebase-functions/lib/index.js\"}"}}
[debug] [2021-11-13T13:45:29.603Z] [runtime-status] [5601] firebase-admin has been stubbed. {"adminResolution":{"declared":true,"installed":true,"version":"9.12.0","resolution":"/Users/stephan/Dev/Working/bookable24-firebase/functions/node_modules/firebase-admin/lib/index.js"}} {"metadata":{"emulator":{"name":"functions"},"function":{"name":"europe-west3-api"},"message":"[runtime-status] [5601] firebase-admin has been stubbed. {\"adminResolution\":{\"declared\":true,\"installed\":true,\"version\":\"9.12.0\",\"resolution\":\"/Users/stephan/Dev/Working/bookable24-firebase/functions/node_modules/firebase-admin/lib/index.js\"}}"}}
[debug] [2021-11-13T13:45:29.748Z] [runtime-status] [5601] Trigger "europe-west3-api" has been found, beginning invocation! {"metadata":{"emulator":{"name":"functions"},"function":{"name":"europe-west3-api"},"message":"[runtime-status] [5601] Trigger \"europe-west3-api\" has been found, beginning invocation!"}}
[info] i  functions: Beginning execution of "europe-west3-api" {"metadata":{"emulator":{"name":"functions"},"function":{"name":"europe-west3-api"},"message":"Beginning execution of \"europe-west3-api\""}}
[debug] [2021-11-13T13:45:29.749Z] [runtime-status] [5601] triggerDefinition {"regions":["europe-west3"],"httpsTrigger":{},"name":"api","entryPoint":"api","region":"europe-west3","id":"europe-west3-api"} {"metadata":{"emulator":{"name":"functions"},"function":{"name":"europe-west3-api"},"message":"[runtime-status] [5601] triggerDefinition {\"regions\":[\"europe-west3\"],\"httpsTrigger\":{},\"name\":\"api\",\"entryPoint\":\"api\",\"region\":\"europe-west3\",\"id\":\"europe-west3-api\"}"}}
[debug] [2021-11-13T13:45:29.750Z] [runtime-status] [5601] Running europe-west3-api in mode HTTPS {"metadata":{"emulator":{"name":"functions"},"function":{"name":"europe-west3-api"},"message":"[runtime-status] [5601] Running europe-west3-api in mode HTTPS"}}
[debug] [2021-11-13T13:45:29.752Z] [runtime-status] [5601] Attempting to listen to socketPath: /var/folders/zm/6xzb_hrn4q545hn87_2fq4_c0000gn/T/fire_emu_5601.sock {"metadata":{"emulator":{"name":"functions"},"function":{"name":"europe-west3-api"},"message":"[runtime-status] [5601] Attempting to listen to socketPath: /var/folders/zm/6xzb_hrn4q545hn87_2fq4_c0000gn/T/fire_emu_5601.sock"}}
[debug] [2021-11-13T13:45:29.754Z] [functions] Runtime ready! Sending request! {"metadata":{"emulator":{"name":"functions"},"message":"[functions] Runtime ready! Sending request!"}}
[debug] [2021-11-13T13:45:29.755Z] [functions] Got req.url=/bookable24-61ec2/europe-west3/api/shopinfo, mapping to path=/shopinfo {"metadata":{"emulator":{"name":"functions"},"message":"[functions] Got req.url=/bookable24-61ec2/europe-west3/api/shopinfo, mapping to path=/shopinfo"}}
[debug] [2021-11-13T13:45:29.760Z] [runtime-status] [5601] Ephemeral server handling OPTIONS request {"metadata":{"emulator":{"name":"functions"},"function":{"name":"europe-west3-api"},"message":"[runtime-status] [5601] Ephemeral server handling OPTIONS request"}}
[debug] [2021-11-13T13:45:29.764Z] [runtime-status] [5601] Ephemeral server survived. {"metadata":{"emulator":{"name":"functions"},"function":{"name":"europe-west3-api"},"message":"[runtime-status] [5601] Ephemeral server survived."}}
[debug] [2021-11-13T13:45:29.766Z] [work-queue] {"queueLength":1,"workRunningCount":1}
[debug] [2021-11-13T13:45:29.766Z] [work-queue] {"queueLength":0,"workRunningCount":2}
[debug] [2021-11-13T13:45:29.766Z] Accepted request GET /bookable24-61ec2/europe-west3/api/shopinfo --> europe-west3-api
[debug] [2021-11-13T13:45:29.771Z] [worker-pool] addWorker(europe-west3-api) {"metadata":{"emulator":{"name":"functions"},"message":"[worker-pool] addWorker(europe-west3-api)"}}
[debug] [2021-11-13T13:45:29.772Z] [worker-pool] Adding worker with key europe-west3-api, total=2 {"metadata":{"emulator":{"name":"functions"},"message":"[worker-pool] Adding worker with key europe-west3-api, total=2"}}
[debug] [2021-11-13T13:45:29.772Z] [worker-pool] submitWork(triggerId=europe-west3-api) {"metadata":{"emulator":{"name":"functions"},"message":"[worker-pool] submitWork(triggerId=europe-west3-api)"}}
[debug] [2021-11-13T13:45:29.772Z] [worker-europe-west3-api-1bd9feae-41c2-4dda-ae46-41e19f078dc6]: Assigning socketPath: /var/folders/zm/6xzb_hrn4q545hn87_2fq4_c0000gn/T/fire_emu_5604.sock {"metadata":{"emulator":{"name":"functions"},"message":"[worker-europe-west3-api-1bd9feae-41c2-4dda-ae46-41e19f078dc6]: Assigning socketPath: /var/folders/zm/6xzb_hrn4q545hn87_2fq4_c0000gn/T/fire_emu_5604.sock"}}
[debug] [2021-11-13T13:45:29.772Z] [worker-europe-west3-api-1bd9feae-41c2-4dda-ae46-41e19f078dc6]: BUSY {"metadata":{"emulator":{"name":"functions"},"message":"[worker-europe-west3-api-1bd9feae-41c2-4dda-ae46-41e19f078dc6]: BUSY"}}
[info] i  functions: Finished "europe-west3-api" in ~1s {"metadata":{"emulator":{"name":"functions"},"function":{"name":"europe-west3-api"},"message":"Finished \"europe-west3-api\" in ~1s"}}
[debug] [2021-11-13T13:45:29.773Z] [worker-europe-west3-api-be4d9b31-920e-4ce6-8ba2-1aa60934e373]: IDLE {"metadata":{"emulator":{"name":"functions"},"message":"[worker-europe-west3-api-be4d9b31-920e-4ce6-8ba2-1aa60934e373]: IDLE"}}
[debug] [2021-11-13T13:45:29.774Z] [work-queue] {"queueLength":0,"workRunningCount":1}
[debug] [2021-11-13T13:45:29.962Z] [runtime-status] [5604] Functions runtime initialized. {"cwd":"/Users/stephan/Dev/Working/bookable24-firebase/functions","node_version":"14.17.5"} {"metadata":{"emulator":{"name":"functions"},"function":{"name":"europe-west3-api"},"message":"[runtime-status] [5604] Functions runtime initialized. {\"cwd\":\"/Users/stephan/Dev/Working/bookable24-firebase/functions\",\"node_version\":\"14.17.5\"}"}}
[debug] [2021-11-13T13:45:29.963Z] [runtime-status] [5604] Disabled runtime features: undefined {"metadata":{"emulator":{"name":"functions"},"function":{"name":"europe-west3-api"},"message":"[runtime-status] [5604] Disabled runtime features: undefined"}}
[debug] [2021-11-13T13:45:29.965Z] [runtime-status] [5604] Resolved module firebase-admin {"declared":true,"installed":true,"version":"9.12.0","resolution":"/Users/stephan/Dev/Working/bookable24-firebase/functions/node_modules/firebase-admin/lib/index.js"} {"metadata":{"emulator":{"name":"functions"},"function":{"name":"europe-west3-api"},"message":"[runtime-status] [5604] Resolved module firebase-admin {\"declared\":true,\"installed\":true,\"version\":\"9.12.0\",\"resolution\":\"/Users/stephan/Dev/Working/bookable24-firebase/functions/node_modules/firebase-admin/lib/index.js\"}"}}
[debug] [2021-11-13T13:45:29.968Z] [runtime-status] [5604] Resolved module firebase-functions {"declared":true,"installed":true,"version":"3.16.0","resolution":"/Users/stephan/Dev/Working/bookable24-firebase/functions/node_modules/firebase-functions/lib/index.js"} {"metadata":{"emulator":{"name":"functions"},"function":{"name":"europe-west3-api"},"message":"[runtime-status] [5604] Resolved module firebase-functions {\"declared\":true,\"installed\":true,\"version\":\"3.16.0\",\"resolution\":\"/Users/stephan/Dev/Working/bookable24-firebase/functions/node_modules/firebase-functions/lib/index.js\"}"}}
[debug] [2021-11-13T13:45:29.969Z] [runtime-status] [5604] Resolved module firebase-functions {"declared":true,"installed":true,"version":"3.16.0","resolution":"/Users/stephan/Dev/Working/bookable24-firebase/functions/node_modules/firebase-functions/lib/index.js"} {"metadata":{"emulator":{"name":"functions"},"function":{"name":"europe-west3-api"},"message":"[runtime-status] [5604] Resolved module firebase-functions {\"declared\":true,\"installed\":true,\"version\":\"3.16.0\",\"resolution\":\"/Users/stephan/Dev/Working/bookable24-firebase/functions/node_modules/firebase-functions/lib/index.js\"}"}}
[debug] [2021-11-13T13:45:29.971Z] [runtime-status] [5604] Outgoing network have been stubbed. [{"name":"http","status":"mocked"},{"name":"http","status":"mocked"},{"name":"https","status":"mocked"},{"name":"https","status":"mocked"},{"name":"net","status":"mocked"}] {"metadata":{"emulator":{"name":"functions"},"function":{"name":"europe-west3-api"},"message":"[runtime-status] [5604] Outgoing network have been stubbed. [{\"name\":\"http\",\"status\":\"mocked\"},{\"name\":\"http\",\"status\":\"mocked\"},{\"name\":\"https\",\"status\":\"mocked\"},{\"name\":\"https\",\"status\":\"mocked\"},{\"name\":\"net\",\"status\":\"mocked\"}]"}}
[debug] [2021-11-13T13:45:29.971Z] [runtime-status] [5604] Resolved module firebase-functions {"declared":true,"installed":true,"version":"3.16.0","resolution":"/Users/stephan/Dev/Working/bookable24-firebase/functions/node_modules/firebase-functions/lib/index.js"} {"metadata":{"emulator":{"name":"functions"},"function":{"name":"europe-west3-api"},"message":"[runtime-status] [5604] Resolved module firebase-functions {\"declared\":true,\"installed\":true,\"version\":\"3.16.0\",\"resolution\":\"/Users/stephan/Dev/Working/bookable24-firebase/functions/node_modules/firebase-functions/lib/index.js\"}"}}
[debug] [2021-11-13T13:45:29.999Z] [runtime-status] [5604] Checked functions.config() {"config":{}} {"metadata":{"emulator":{"name":"functions"},"function":{"name":"europe-west3-api"},"message":"[runtime-status] [5604] Checked functions.config() {\"config\":{}}"}}
[debug] [2021-11-13T13:45:29.999Z] [runtime-status] [5604] firebase-functions has been stubbed. {"functionsResolution":{"declared":true,"installed":true,"version":"3.16.0","resolution":"/Users/stephan/Dev/Working/bookable24-firebase/functions/node_modules/firebase-functions/lib/index.js"}} {"metadata":{"emulator":{"name":"functions"},"function":{"name":"europe-west3-api"},"message":"[runtime-status] [5604] firebase-functions has been stubbed. {\"functionsResolution\":{\"declared\":true,\"installed\":true,\"version\":\"3.16.0\",\"resolution\":\"/Users/stephan/Dev/Working/bookable24-firebase/functions/node_modules/firebase-functions/lib/index.js\"}}"}}
[debug] [2021-11-13T13:45:29.999Z] [runtime-status] [5604] Resolved module firebase-functions {"declared":true,"installed":true,"version":"3.16.0","resolution":"/Users/stephan/Dev/Working/bookable24-firebase/functions/node_modules/firebase-functions/lib/index.js"} {"metadata":{"emulator":{"name":"functions"},"function":{"name":"europe-west3-api"},"message":"[runtime-status] [5604] Resolved module firebase-functions {\"declared\":true,\"installed\":true,\"version\":\"3.16.0\",\"resolution\":\"/Users/stephan/Dev/Working/bookable24-firebase/functions/node_modules/firebase-functions/lib/index.js\"}"}}
[debug] [2021-11-13T13:45:30.000Z] [runtime-status] [5604] Resolved module firebase-admin {"declared":true,"installed":true,"version":"9.12.0","resolution":"/Users/stephan/Dev/Working/bookable24-firebase/functions/node_modules/firebase-admin/lib/index.js"} {"metadata":{"emulator":{"name":"functions"},"function":{"name":"europe-west3-api"},"message":"[runtime-status] [5604] Resolved module firebase-admin {\"declared\":true,\"installed\":true,\"version\":\"9.12.0\",\"resolution\":\"/Users/stephan/Dev/Working/bookable24-firebase/functions/node_modules/firebase-admin/lib/index.js\"}"}}
[debug] [2021-11-13T13:45:30.001Z] [runtime-status] [5604] Resolved module firebase-functions {"declared":true,"installed":true,"version":"3.16.0","resolution":"/Users/stephan/Dev/Working/bookable24-firebase/functions/node_modules/firebase-functions/lib/index.js"} {"metadata":{"emulator":{"name":"functions"},"function":{"name":"europe-west3-api"},"message":"[runtime-status] [5604] Resolved module firebase-functions {\"declared\":true,\"installed\":true,\"version\":\"3.16.0\",\"resolution\":\"/Users/stephan/Dev/Working/bookable24-firebase/functions/node_modules/firebase-functions/lib/index.js\"}"}}
[debug] [2021-11-13T13:45:30.001Z] [runtime-status] [5604] firebase-admin has been stubbed. {"adminResolution":{"declared":true,"installed":true,"version":"9.12.0","resolution":"/Users/stephan/Dev/Working/bookable24-firebase/functions/node_modules/firebase-admin/lib/index.js"}} {"metadata":{"emulator":{"name":"functions"},"function":{"name":"europe-west3-api"},"message":"[runtime-status] [5604] firebase-admin has been stubbed. {\"adminResolution\":{\"declared\":true,\"installed\":true,\"version\":\"9.12.0\",\"resolution\":\"/Users/stephan/Dev/Working/bookable24-firebase/functions/node_modules/firebase-admin/lib/index.js\"}}"}}
[debug] [2021-11-13T13:45:30.114Z] [runtime-status] [5604] Trigger "europe-west3-api" has been found, beginning invocation! {"metadata":{"emulator":{"name":"functions"},"function":{"name":"europe-west3-api"},"message":"[runtime-status] [5604] Trigger \"europe-west3-api\" has been found, beginning invocation!"}}
[info] i  functions: Beginning execution of "europe-west3-api" {"metadata":{"emulator":{"name":"functions"},"function":{"name":"europe-west3-api"},"message":"Beginning execution of \"europe-west3-api\""}}
[debug] [2021-11-13T13:45:30.114Z] [runtime-status] [5604] triggerDefinition {"regions":["europe-west3"],"httpsTrigger":{},"name":"api","entryPoint":"api","region":"europe-west3","id":"europe-west3-api"} {"metadata":{"emulator":{"name":"functions"},"function":{"name":"europe-west3-api"},"message":"[runtime-status] [5604] triggerDefinition {\"regions\":[\"europe-west3\"],\"httpsTrigger\":{},\"name\":\"api\",\"entryPoint\":\"api\",\"region\":\"europe-west3\",\"id\":\"europe-west3-api\"}"}}
[debug] [2021-11-13T13:45:30.114Z] [runtime-status] [5604] Running europe-west3-api in mode HTTPS {"metadata":{"emulator":{"name":"functions"},"function":{"name":"europe-west3-api"},"message":"[runtime-status] [5604] Running europe-west3-api in mode HTTPS"}}
[debug] [2021-11-13T13:45:30.116Z] [runtime-status] [5604] Attempting to listen to socketPath: /var/folders/zm/6xzb_hrn4q545hn87_2fq4_c0000gn/T/fire_emu_5604.sock {"metadata":{"emulator":{"name":"functions"},"function":{"name":"europe-west3-api"},"message":"[runtime-status] [5604] Attempting to listen to socketPath: /var/folders/zm/6xzb_hrn4q545hn87_2fq4_c0000gn/T/fire_emu_5604.sock"}}
[debug] [2021-11-13T13:45:30.118Z] [functions] Runtime ready! Sending request! {"metadata":{"emulator":{"name":"functions"},"message":"[functions] Runtime ready! Sending request!"}}
[debug] [2021-11-13T13:45:30.118Z] [functions] Got req.url=/bookable24-61ec2/europe-west3/api/shopinfo, mapping to path=/shopinfo {"metadata":{"emulator":{"name":"functions"},"message":"[functions] Got req.url=/bookable24-61ec2/europe-west3/api/shopinfo, mapping to path=/shopinfo"}}
[debug] [2021-11-13T13:45:30.121Z] [runtime-status] [5604] Ephemeral server handling GET request {"metadata":{"emulator":{"name":"functions"},"function":{"name":"europe-west3-api"},"message":"[runtime-status] [5604] Ephemeral server handling GET request"}}
[info] >  get SHOP INFO {"user":"get SHOP INFO","metadata":{"emulator":{"name":"functions"},"function":{"name":"europe-west3-api"},"message":"\u001b[90m> \u001b[39m get SHOP INFO"}}
[debug] [2021-11-13T13:45:30.124Z] [runtime-status] [5604] Ephemeral server survived. {"metadata":{"emulator":{"name":"functions"},"function":{"name":"europe-west3-api"},"message":"[runtime-status] [5604] Ephemeral server survived."}}
[info] i  functions: Finished "europe-west3-api" in ~1s {"metadata":{"emulator":{"name":"functions"},"function":{"name":"europe-west3-api"},"message":"Finished \"europe-west3-api\" in ~1s"}}
[debug] [2021-11-13T13:45:30.581Z] [worker-europe-west3-api-1bd9feae-41c2-4dda-ae46-41e19f078dc6]: IDLE {"metadata":{"emulator":{"name":"functions"},"message":"[worker-europe-west3-api-1bd9feae-41c2-4dda-ae46-41e19f078dc6]: IDLE"}}
[debug] [2021-11-13T13:45:30.581Z] [work-queue] {"queueLength":0,"workRunningCount":0}
[debug] [2021-11-13T13:45:38.807Z] [work-queue] {"queueLength":1,"workRunningCount":0}
[debug] [2021-11-13T13:45:38.807Z] [work-queue] {"queueLength":0,"workRunningCount":1}
[debug] [2021-11-13T13:45:38.807Z] Accepted request OPTIONS /bookable24-61ec2/europe-west3/api/shopinfo --> europe-west3-api
[debug] [2021-11-13T13:45:38.808Z] [worker-pool] submitWork(triggerId=europe-west3-api) {"metadata":{"emulator":{"name":"functions"},"message":"[worker-pool] submitWork(triggerId=europe-west3-api)"}}
[debug] [2021-11-13T13:45:38.808Z] [worker-europe-west3-api-be4d9b31-920e-4ce6-8ba2-1aa60934e373]: Assigning socketPath: /var/folders/zm/6xzb_hrn4q545hn87_2fq4_c0000gn/T/fire_emu_5601.sock {"metadata":{"emulator":{"name":"functions"},"message":"[worker-europe-west3-api-be4d9b31-920e-4ce6-8ba2-1aa60934e373]: Assigning socketPath: /var/folders/zm/6xzb_hrn4q545hn87_2fq4_c0000gn/T/fire_emu_5601.sock"}}
[debug] [2021-11-13T13:45:38.808Z] [worker-europe-west3-api-be4d9b31-920e-4ce6-8ba2-1aa60934e373]: BUSY {"metadata":{"emulator":{"name":"functions"},"message":"[worker-europe-west3-api-be4d9b31-920e-4ce6-8ba2-1aa60934e373]: BUSY"}}
[debug] [2021-11-13T13:45:38.808Z] [runtime-status] [5601] Trigger "europe-west3-api" has been found, beginning invocation! {"metadata":{"emulator":{"name":"functions"},"function":{"name":"europe-west3-api"},"message":"[runtime-status] [5601] Trigger \"europe-west3-api\" has been found, beginning invocation!"}}
[info] i  functions: Beginning execution of "europe-west3-api" {"metadata":{"emulator":{"name":"functions"},"function":{"name":"europe-west3-api"},"message":"Beginning execution of \"europe-west3-api\""}}
[debug] [2021-11-13T13:45:38.809Z] [runtime-status] [5601] triggerDefinition {"regions":["europe-west3"],"httpsTrigger":{},"name":"api","entryPoint":"api","region":"europe-west3","id":"europe-west3-api"} {"metadata":{"emulator":{"name":"functions"},"function":{"name":"europe-west3-api"},"message":"[runtime-status] [5601] triggerDefinition {\"regions\":[\"europe-west3\"],\"httpsTrigger\":{},\"name\":\"api\",\"entryPoint\":\"api\",\"region\":\"europe-west3\",\"id\":\"europe-west3-api\"}"}}
[debug] [2021-11-13T13:45:38.809Z] [runtime-status] [5601] Running europe-west3-api in mode HTTPS {"metadata":{"emulator":{"name":"functions"},"function":{"name":"europe-west3-api"},"message":"[runtime-status] [5601] Running europe-west3-api in mode HTTPS"}}
[debug] [2021-11-13T13:45:38.809Z] [runtime-status] [5601] Attempting to listen to socketPath: /var/folders/zm/6xzb_hrn4q545hn87_2fq4_c0000gn/T/fire_emu_5601.sock {"metadata":{"emulator":{"name":"functions"},"function":{"name":"europe-west3-api"},"message":"[runtime-status] [5601] Attempting to listen to socketPath: /var/folders/zm/6xzb_hrn4q545hn87_2fq4_c0000gn/T/fire_emu_5601.sock"}}
[debug] [2021-11-13T13:45:38.810Z] [functions] Runtime ready! Sending request! {"metadata":{"emulator":{"name":"functions"},"message":"[functions] Runtime ready! Sending request!"}}
[debug] [2021-11-13T13:45:38.810Z] [functions] Got req.url=/bookable24-61ec2/europe-west3/api/shopinfo, mapping to path=/shopinfo {"metadata":{"emulator":{"name":"functions"},"message":"[functions] Got req.url=/bookable24-61ec2/europe-west3/api/shopinfo, mapping to path=/shopinfo"}}
[debug] [2021-11-13T13:45:38.813Z] [runtime-status] [5601] Ephemeral server handling OPTIONS request {"metadata":{"emulator":{"name":"functions"},"function":{"name":"europe-west3-api"},"message":"[runtime-status] [5601] Ephemeral server handling OPTIONS request"}}
[debug] [2021-11-13T13:45:38.814Z] [runtime-status] [5601] Ephemeral server survived. {"metadata":{"emulator":{"name":"functions"},"function":{"name":"europe-west3-api"},"message":"[runtime-status] [5601] Ephemeral server survived."}}
[info] i  functions: Finished "europe-west3-api" in ~1s {"metadata":{"emulator":{"name":"functions"},"function":{"name":"europe-west3-api"},"message":"Finished \"europe-west3-api\" in ~1s"}}
[debug] [2021-11-13T13:45:38.814Z] [worker-europe-west3-api-be4d9b31-920e-4ce6-8ba2-1aa60934e373]: IDLE {"metadata":{"emulator":{"name":"functions"},"message":"[worker-europe-west3-api-be4d9b31-920e-4ce6-8ba2-1aa60934e373]: IDLE"}}
[debug] [2021-11-13T13:45:38.815Z] [work-queue] {"queueLength":0,"workRunningCount":0}
[debug] [2021-11-13T13:45:38.816Z] [work-queue] {"queueLength":1,"workRunningCount":0}
[debug] [2021-11-13T13:45:38.816Z] [work-queue] {"queueLength":0,"workRunningCount":1}
[debug] [2021-11-13T13:45:38.816Z] Accepted request GET /bookable24-61ec2/europe-west3/api/shopinfo --> europe-west3-api
[debug] [2021-11-13T13:45:38.816Z] [worker-pool] submitWork(triggerId=europe-west3-api) {"metadata":{"emulator":{"name":"functions"},"message":"[worker-pool] submitWork(triggerId=europe-west3-api)"}}
[debug] [2021-11-13T13:45:38.817Z] [worker-europe-west3-api-be4d9b31-920e-4ce6-8ba2-1aa60934e373]: Assigning socketPath: /var/folders/zm/6xzb_hrn4q545hn87_2fq4_c0000gn/T/fire_emu_5601.sock {"metadata":{"emulator":{"name":"functions"},"message":"[worker-europe-west3-api-be4d9b31-920e-4ce6-8ba2-1aa60934e373]: Assigning socketPath: /var/folders/zm/6xzb_hrn4q545hn87_2fq4_c0000gn/T/fire_emu_5601.sock"}}
[debug] [2021-11-13T13:45:38.817Z] [worker-europe-west3-api-be4d9b31-920e-4ce6-8ba2-1aa60934e373]: BUSY {"metadata":{"emulator":{"name":"functions"},"message":"[worker-europe-west3-api-be4d9b31-920e-4ce6-8ba2-1aa60934e373]: BUSY"}}
[debug] [2021-11-13T13:45:38.824Z] [runtime-status] [5601] Trigger "europe-west3-api" has been found, beginning invocation! {"metadata":{"emulator":{"name":"functions"},"function":{"name":"europe-west3-api"},"message":"[runtime-status] [5601] Trigger \"europe-west3-api\" has been found, beginning invocation!"}}
[info] i  functions: Beginning execution of "europe-west3-api" {"metadata":{"emulator":{"name":"functions"},"function":{"name":"europe-west3-api"},"message":"Beginning execution of \"europe-west3-api\""}}
[debug] [2021-11-13T13:45:38.825Z] [runtime-status] [5601] triggerDefinition {"regions":["europe-west3"],"httpsTrigger":{},"name":"api","entryPoint":"api","region":"europe-west3","id":"europe-west3-api"} {"metadata":{"emulator":{"name":"functions"},"function":{"name":"europe-west3-api"},"message":"[runtime-status] [5601] triggerDefinition {\"regions\":[\"europe-west3\"],\"httpsTrigger\":{},\"name\":\"api\",\"entryPoint\":\"api\",\"region\":\"europe-west3\",\"id\":\"europe-west3-api\"}"}}
[debug] [2021-11-13T13:45:38.825Z] [runtime-status] [5601] Running europe-west3-api in mode HTTPS {"metadata":{"emulator":{"name":"functions"},"function":{"name":"europe-west3-api"},"message":"[runtime-status] [5601] Running europe-west3-api in mode HTTPS"}}
[debug] [2021-11-13T13:45:38.826Z] [runtime-status] [5601] Attempting to listen to socketPath: /var/folders/zm/6xzb_hrn4q545hn87_2fq4_c0000gn/T/fire_emu_5601.sock {"metadata":{"emulator":{"name":"functions"},"function":{"name":"europe-west3-api"},"message":"[runtime-status] [5601] Attempting to listen to socketPath: /var/folders/zm/6xzb_hrn4q545hn87_2fq4_c0000gn/T/fire_emu_5601.sock"}}
[debug] [2021-11-13T13:45:38.827Z] [functions] Runtime ready! Sending request! {"metadata":{"emulator":{"name":"functions"},"message":"[functions] Runtime ready! Sending request!"}}
[debug] [2021-11-13T13:45:38.827Z] [functions] Got req.url=/bookable24-61ec2/europe-west3/api/shopinfo, mapping to path=/shopinfo {"metadata":{"emulator":{"name":"functions"},"message":"[functions] Got req.url=/bookable24-61ec2/europe-west3/api/shopinfo, mapping to path=/shopinfo"}}
[debug] [2021-11-13T13:45:38.829Z] [runtime-status] [5601] Ephemeral server handling GET request {"metadata":{"emulator":{"name":"functions"},"function":{"name":"europe-west3-api"},"message":"[runtime-status] [5601] Ephemeral server handling GET request"}}
[info] >  get SHOP INFO {"user":"get SHOP INFO","metadata":{"emulator":{"name":"functions"},"function":{"name":"europe-west3-api"},"message":"\u001b[90m> \u001b[39m get SHOP INFO"}}
[debug] [2021-11-13T13:45:38.832Z] [runtime-status] [5601] Ephemeral server survived. {"metadata":{"emulator":{"name":"functions"},"function":{"name":"europe-west3-api"},"message":"[runtime-status] [5601] Ephemeral server survived."}}
[info] i  functions: Finished "europe-west3-api" in ~1s {"metadata":{"emulator":{"name":"functions"},"function":{"name":"europe-west3-api"},"message":"Finished \"europe-west3-api\" in ~1s"}}
[debug] [2021-11-13T13:45:39.272Z] [worker-europe-west3-api-be4d9b31-920e-4ce6-8ba2-1aa60934e373]: IDLE {"metadata":{"emulator":{"name":"functions"},"message":"[worker-europe-west3-api-be4d9b31-920e-4ce6-8ba2-1aa60934e373]: IDLE"}}
[debug] [2021-11-13T13:45:39.273Z] [work-queue] {"queueLength":0,"workRunningCount":0}
[debug] [2021-11-13T13:46:05.246Z] [work-queue] {"queueLength":1,"workRunningCount":0}
[debug] [2021-11-13T13:46:05.246Z] [work-queue] {"queueLength":0,"workRunningCount":1}
[debug] [2021-11-13T13:46:05.246Z] Accepted request OPTIONS /bookable24-61ec2/europe-west3/api/all-shop-bookings --> europe-west3-api
[debug] [2021-11-13T13:46:05.246Z] [worker-pool] submitWork(triggerId=europe-west3-api) {"metadata":{"emulator":{"name":"functions"},"message":"[worker-pool] submitWork(triggerId=europe-west3-api)"}}
[debug] [2021-11-13T13:46:05.246Z] [worker-europe-west3-api-be4d9b31-920e-4ce6-8ba2-1aa60934e373]: Assigning socketPath: /var/folders/zm/6xzb_hrn4q545hn87_2fq4_c0000gn/T/fire_emu_5601.sock {"metadata":{"emulator":{"name":"functions"},"message":"[worker-europe-west3-api-be4d9b31-920e-4ce6-8ba2-1aa60934e373]: Assigning socketPath: /var/folders/zm/6xzb_hrn4q545hn87_2fq4_c0000gn/T/fire_emu_5601.sock"}}
[debug] [2021-11-13T13:46:05.246Z] [worker-europe-west3-api-be4d9b31-920e-4ce6-8ba2-1aa60934e373]: BUSY {"metadata":{"emulator":{"name":"functions"},"message":"[worker-europe-west3-api-be4d9b31-920e-4ce6-8ba2-1aa60934e373]: BUSY"}}
[debug] [2021-11-13T13:46:05.247Z] [runtime-status] [5601] Trigger "europe-west3-api" has been found, beginning invocation! {"metadata":{"emulator":{"name":"functions"},"function":{"name":"europe-west3-api"},"message":"[runtime-status] [5601] Trigger \"europe-west3-api\" has been found, beginning invocation!"}}
[info] i  functions: Beginning execution of "europe-west3-api" {"metadata":{"emulator":{"name":"functions"},"function":{"name":"europe-west3-api"},"message":"Beginning execution of \"europe-west3-api\""}}
[debug] [2021-11-13T13:46:05.247Z] [runtime-status] [5601] triggerDefinition {"regions":["europe-west3"],"httpsTrigger":{},"name":"api","entryPoint":"api","region":"europe-west3","id":"europe-west3-api"} {"metadata":{"emulator":{"name":"functions"},"function":{"name":"europe-west3-api"},"message":"[runtime-status] [5601] triggerDefinition {\"regions\":[\"europe-west3\"],\"httpsTrigger\":{},\"name\":\"api\",\"entryPoint\":\"api\",\"region\":\"europe-west3\",\"id\":\"europe-west3-api\"}"}}
[debug] [2021-11-13T13:46:05.247Z] [runtime-status] [5601] Running europe-west3-api in mode HTTPS {"metadata":{"emulator":{"name":"functions"},"function":{"name":"europe-west3-api"},"message":"[runtime-status] [5601] Running europe-west3-api in mode HTTPS"}}
[debug] [2021-11-13T13:46:05.247Z] [runtime-status] [5601] Attempting to listen to socketPath: /var/folders/zm/6xzb_hrn4q545hn87_2fq4_c0000gn/T/fire_emu_5601.sock {"metadata":{"emulator":{"name":"functions"},"function":{"name":"europe-west3-api"},"message":"[runtime-status] [5601] Attempting to listen to socketPath: /var/folders/zm/6xzb_hrn4q545hn87_2fq4_c0000gn/T/fire_emu_5601.sock"}}
[debug] [2021-11-13T13:46:05.248Z] [functions] Runtime ready! Sending request! {"metadata":{"emulator":{"name":"functions"},"message":"[functions] Runtime ready! Sending request!"}}
[debug] [2021-11-13T13:46:05.248Z] [functions] Got req.url=/bookable24-61ec2/europe-west3/api/all-shop-bookings, mapping to path=/all-shop-bookings {"metadata":{"emulator":{"name":"functions"},"message":"[functions] Got req.url=/bookable24-61ec2/europe-west3/api/all-shop-bookings, mapping to path=/all-shop-bookings"}}
[debug] [2021-11-13T13:46:05.249Z] [runtime-status] [5601] Ephemeral server handling OPTIONS request {"metadata":{"emulator":{"name":"functions"},"function":{"name":"europe-west3-api"},"message":"[runtime-status] [5601] Ephemeral server handling OPTIONS request"}}
[debug] [2021-11-13T13:46:05.251Z] [work-queue] {"queueLength":1,"workRunningCount":1}
[debug] [2021-11-13T13:46:05.251Z] [work-queue] {"queueLength":0,"workRunningCount":2}
[debug] [2021-11-13T13:46:05.251Z] Accepted request POST /bookable24-61ec2/europe-west3/api/all-shop-bookings --> europe-west3-api
[debug] [2021-11-13T13:46:05.251Z] [worker-pool] submitWork(triggerId=europe-west3-api) {"metadata":{"emulator":{"name":"functions"},"message":"[worker-pool] submitWork(triggerId=europe-west3-api)"}}
[debug] [2021-11-13T13:46:05.251Z] [worker-europe-west3-api-1bd9feae-41c2-4dda-ae46-41e19f078dc6]: Assigning socketPath: /var/folders/zm/6xzb_hrn4q545hn87_2fq4_c0000gn/T/fire_emu_5604.sock {"metadata":{"emulator":{"name":"functions"},"message":"[worker-europe-west3-api-1bd9feae-41c2-4dda-ae46-41e19f078dc6]: Assigning socketPath: /var/folders/zm/6xzb_hrn4q545hn87_2fq4_c0000gn/T/fire_emu_5604.sock"}}
[debug] [2021-11-13T13:46:05.251Z] [worker-europe-west3-api-1bd9feae-41c2-4dda-ae46-41e19f078dc6]: BUSY {"metadata":{"emulator":{"name":"functions"},"message":"[worker-europe-west3-api-1bd9feae-41c2-4dda-ae46-41e19f078dc6]: BUSY"}}
[debug] [2021-11-13T13:46:05.252Z] [runtime-status] [5604] Trigger "europe-west3-api" has been found, beginning invocation! {"metadata":{"emulator":{"name":"functions"},"function":{"name":"europe-west3-api"},"message":"[runtime-status] [5604] Trigger \"europe-west3-api\" has been found, beginning invocation!"}}
[info] i  functions: Beginning execution of "europe-west3-api" {"metadata":{"emulator":{"name":"functions"},"function":{"name":"europe-west3-api"},"message":"Beginning execution of \"europe-west3-api\""}}
[debug] [2021-11-13T13:46:05.252Z] [runtime-status] [5604] triggerDefinition {"regions":["europe-west3"],"httpsTrigger":{},"name":"api","entryPoint":"api","region":"europe-west3","id":"europe-west3-api"} {"metadata":{"emulator":{"name":"functions"},"function":{"name":"europe-west3-api"},"message":"[runtime-status] [5604] triggerDefinition {\"regions\":[\"europe-west3\"],\"httpsTrigger\":{},\"name\":\"api\",\"entryPoint\":\"api\",\"region\":\"europe-west3\",\"id\":\"europe-west3-api\"}"}}
[debug] [2021-11-13T13:46:05.252Z] [runtime-status] [5604] Running europe-west3-api in mode HTTPS {"metadata":{"emulator":{"name":"functions"},"function":{"name":"europe-west3-api"},"message":"[runtime-status] [5604] Running europe-west3-api in mode HTTPS"}}
[debug] [2021-11-13T13:46:05.252Z] [runtime-status] [5604] Attempting to listen to socketPath: /var/folders/zm/6xzb_hrn4q545hn87_2fq4_c0000gn/T/fire_emu_5604.sock {"metadata":{"emulator":{"name":"functions"},"function":{"name":"europe-west3-api"},"message":"[runtime-status] [5604] Attempting to listen to socketPath: /var/folders/zm/6xzb_hrn4q545hn87_2fq4_c0000gn/T/fire_emu_5604.sock"}}
[debug] [2021-11-13T13:46:05.260Z] [functions] Runtime ready! Sending request! {"metadata":{"emulator":{"name":"functions"},"message":"[functions] Runtime ready! Sending request!"}}
[debug] [2021-11-13T13:46:05.260Z] [functions] Got req.url=/bookable24-61ec2/europe-west3/api/all-shop-bookings, mapping to path=/all-shop-bookings {"metadata":{"emulator":{"name":"functions"},"message":"[functions] Got req.url=/bookable24-61ec2/europe-west3/api/all-shop-bookings, mapping to path=/all-shop-bookings"}}
[debug] [2021-11-13T13:46:05.261Z] [runtime-status] [5601] Ephemeral server survived. {"metadata":{"emulator":{"name":"functions"},"function":{"name":"europe-west3-api"},"message":"[runtime-status] [5601] Ephemeral server survived."}}
[info] i  functions: Finished "europe-west3-api" in ~1s {"metadata":{"emulator":{"name":"functions"},"function":{"name":"europe-west3-api"},"message":"Finished \"europe-west3-api\" in ~1s"}}
[debug] [2021-11-13T13:46:05.261Z] [worker-europe-west3-api-be4d9b31-920e-4ce6-8ba2-1aa60934e373]: IDLE {"metadata":{"emulator":{"name":"functions"},"message":"[worker-europe-west3-api-be4d9b31-920e-4ce6-8ba2-1aa60934e373]: IDLE"}}
[debug] [2021-11-13T13:46:05.261Z] [work-queue] {"queueLength":0,"workRunningCount":1}
[debug] [2021-11-13T13:46:05.269Z] [runtime-status] [5604] Ephemeral server handling POST request {"metadata":{"emulator":{"name":"functions"},"function":{"name":"europe-west3-api"},"message":"[runtime-status] [5604] Ephemeral server handling POST request"}}
[info] >  all SHOP BOOKING {"user":"all SHOP BOOKING","metadata":{"emulator":{"name":"functions"},"function":{"name":"europe-west3-api"},"message":"\u001b[90m> \u001b[39m all SHOP BOOKING"}}
[debug] [2021-11-13T13:46:05.270Z] [runtime-status] [5604] Ephemeral server survived. {"metadata":{"emulator":{"name":"functions"},"function":{"name":"europe-west3-api"},"message":"[runtime-status] [5604] Ephemeral server survived."}}
[info] i  functions: Finished "europe-west3-api" in ~1s {"metadata":{"emulator":{"name":"functions"},"function":{"name":"europe-west3-api"},"message":"Finished \"europe-west3-api\" in ~1s"}}
[debug] [2021-11-13T13:46:05.703Z] [worker-europe-west3-api-1bd9feae-41c2-4dda-ae46-41e19f078dc6]: IDLE {"metadata":{"emulator":{"name":"functions"},"message":"[worker-europe-west3-api-1bd9feae-41c2-4dda-ae46-41e19f078dc6]: IDLE"}}
[debug] [2021-11-13T13:46:05.703Z] [work-queue] {"queueLength":0,"workRunningCount":0}
[debug] [2021-11-13T13:46:21.738Z] [work-queue] {"queueLength":1,"workRunningCount":0}
[debug] [2021-11-13T13:46:21.739Z] [work-queue] {"queueLength":0,"workRunningCount":1}
[debug] [2021-11-13T13:46:21.739Z] Accepted request OPTIONS /bookable24-61ec2/europe-west3/api/all-shop-bookings --> europe-west3-api
[debug] [2021-11-13T13:46:21.739Z] [worker-pool] submitWork(triggerId=europe-west3-api) {"metadata":{"emulator":{"name":"functions"},"message":"[worker-pool] submitWork(triggerId=europe-west3-api)"}}
[debug] [2021-11-13T13:46:21.739Z] [worker-europe-west3-api-be4d9b31-920e-4ce6-8ba2-1aa60934e373]: Assigning socketPath: /var/folders/zm/6xzb_hrn4q545hn87_2fq4_c0000gn/T/fire_emu_5601.sock {"metadata":{"emulator":{"name":"functions"},"message":"[worker-europe-west3-api-be4d9b31-920e-4ce6-8ba2-1aa60934e373]: Assigning socketPath: /var/folders/zm/6xzb_hrn4q545hn87_2fq4_c0000gn/T/fire_emu_5601.sock"}}
[debug] [2021-11-13T13:46:21.739Z] [worker-europe-west3-api-be4d9b31-920e-4ce6-8ba2-1aa60934e373]: BUSY {"metadata":{"emulator":{"name":"functions"},"message":"[worker-europe-west3-api-be4d9b31-920e-4ce6-8ba2-1aa60934e373]: BUSY"}}
[debug] [2021-11-13T13:46:21.739Z] [runtime-status] [5601] Trigger "europe-west3-api" has been found, beginning invocation! {"metadata":{"emulator":{"name":"functions"},"function":{"name":"europe-west3-api"},"message":"[runtime-status] [5601] Trigger \"europe-west3-api\" has been found, beginning invocation!"}}
[info] i  functions: Beginning execution of "europe-west3-api" {"metadata":{"emulator":{"name":"functions"},"function":{"name":"europe-west3-api"},"message":"Beginning execution of \"europe-west3-api\""}}
[debug] [2021-11-13T13:46:21.740Z] [runtime-status] [5601] triggerDefinition {"regions":["europe-west3"],"httpsTrigger":{},"name":"api","entryPoint":"api","region":"europe-west3","id":"europe-west3-api"} {"metadata":{"emulator":{"name":"functions"},"function":{"name":"europe-west3-api"},"message":"[runtime-status] [5601] triggerDefinition {\"regions\":[\"europe-west3\"],\"httpsTrigger\":{},\"name\":\"api\",\"entryPoint\":\"api\",\"region\":\"europe-west3\",\"id\":\"europe-west3-api\"}"}}
[debug] [2021-11-13T13:46:21.740Z] [runtime-status] [5601] Running europe-west3-api in mode HTTPS {"metadata":{"emulator":{"name":"functions"},"function":{"name":"europe-west3-api"},"message":"[runtime-status] [5601] Running europe-west3-api in mode HTTPS"}}
[debug] [2021-11-13T13:46:21.740Z] [runtime-status] [5601] Attempting to listen to socketPath: /var/folders/zm/6xzb_hrn4q545hn87_2fq4_c0000gn/T/fire_emu_5601.sock {"metadata":{"emulator":{"name":"functions"},"function":{"name":"europe-west3-api"},"message":"[runtime-status] [5601] Attempting to listen to socketPath: /var/folders/zm/6xzb_hrn4q545hn87_2fq4_c0000gn/T/fire_emu_5601.sock"}}
[debug] [2021-11-13T13:46:21.740Z] [functions] Runtime ready! Sending request! {"metadata":{"emulator":{"name":"functions"},"message":"[functions] Runtime ready! Sending request!"}}
[debug] [2021-11-13T13:46:21.741Z] [functions] Got req.url=/bookable24-61ec2/europe-west3/api/all-shop-bookings, mapping to path=/all-shop-bookings {"metadata":{"emulator":{"name":"functions"},"message":"[functions] Got req.url=/bookable24-61ec2/europe-west3/api/all-shop-bookings, mapping to path=/all-shop-bookings"}}
[debug] [2021-11-13T13:46:21.742Z] [runtime-status] [5601] Ephemeral server handling OPTIONS request {"metadata":{"emulator":{"name":"functions"},"function":{"name":"europe-west3-api"},"message":"[runtime-status] [5601] Ephemeral server handling OPTIONS request"}}
[debug] [2021-11-13T13:46:21.743Z] [work-queue] {"queueLength":1,"workRunningCount":1}
[debug] [2021-11-13T13:46:21.744Z] [work-queue] {"queueLength":0,"workRunningCount":2}
[debug] [2021-11-13T13:46:21.744Z] Accepted request POST /bookable24-61ec2/europe-west3/api/all-shop-bookings --> europe-west3-api
[debug] [2021-11-13T13:46:21.744Z] [worker-pool] submitWork(triggerId=europe-west3-api) {"metadata":{"emulator":{"name":"functions"},"message":"[worker-pool] submitWork(triggerId=europe-west3-api)"}}
[debug] [2021-11-13T13:46:21.744Z] [worker-europe-west3-api-1bd9feae-41c2-4dda-ae46-41e19f078dc6]: Assigning socketPath: /var/folders/zm/6xzb_hrn4q545hn87_2fq4_c0000gn/T/fire_emu_5604.sock {"metadata":{"emulator":{"name":"functions"},"message":"[worker-europe-west3-api-1bd9feae-41c2-4dda-ae46-41e19f078dc6]: Assigning socketPath: /var/folders/zm/6xzb_hrn4q545hn87_2fq4_c0000gn/T/fire_emu_5604.sock"}}
[debug] [2021-11-13T13:46:21.744Z] [worker-europe-west3-api-1bd9feae-41c2-4dda-ae46-41e19f078dc6]: BUSY {"metadata":{"emulator":{"name":"functions"},"message":"[worker-europe-west3-api-1bd9feae-41c2-4dda-ae46-41e19f078dc6]: BUSY"}}
[debug] [2021-11-13T13:46:21.744Z] [runtime-status] [5601] Ephemeral server survived. {"metadata":{"emulator":{"name":"functions"},"function":{"name":"europe-west3-api"},"message":"[runtime-status] [5601] Ephemeral server survived."}}
[info] i  functions: Finished "europe-west3-api" in ~1s {"metadata":{"emulator":{"name":"functions"},"function":{"name":"europe-west3-api"},"message":"Finished \"europe-west3-api\" in ~1s"}}
[debug] [2021-11-13T13:46:21.744Z] [worker-europe-west3-api-be4d9b31-920e-4ce6-8ba2-1aa60934e373]: IDLE {"metadata":{"emulator":{"name":"functions"},"message":"[worker-europe-west3-api-be4d9b31-920e-4ce6-8ba2-1aa60934e373]: IDLE"}}
[debug] [2021-11-13T13:46:21.744Z] [work-queue] {"queueLength":0,"workRunningCount":1}
[debug] [2021-11-13T13:46:21.745Z] [runtime-status] [5604] Trigger "europe-west3-api" has been found, beginning invocation! {"metadata":{"emulator":{"name":"functions"},"function":{"name":"europe-west3-api"},"message":"[runtime-status] [5604] Trigger \"europe-west3-api\" has been found, beginning invocation!"}}
[info] i  functions: Beginning execution of "europe-west3-api" {"metadata":{"emulator":{"name":"functions"},"function":{"name":"europe-west3-api"},"message":"Beginning execution of \"europe-west3-api\""}}
[debug] [2021-11-13T13:46:21.745Z] [runtime-status] [5604] triggerDefinition {"regions":["europe-west3"],"httpsTrigger":{},"name":"api","entryPoint":"api","region":"europe-west3","id":"europe-west3-api"} {"metadata":{"emulator":{"name":"functions"},"function":{"name":"europe-west3-api"},"message":"[runtime-status] [5604] triggerDefinition {\"regions\":[\"europe-west3\"],\"httpsTrigger\":{},\"name\":\"api\",\"entryPoint\":\"api\",\"region\":\"europe-west3\",\"id\":\"europe-west3-api\"}"}}
[debug] [2021-11-13T13:46:21.745Z] [runtime-status] [5604] Running europe-west3-api in mode HTTPS {"metadata":{"emulator":{"name":"functions"},"function":{"name":"europe-west3-api"},"message":"[runtime-status] [5604] Running europe-west3-api in mode HTTPS"}}
[debug] [2021-11-13T13:46:21.745Z] [runtime-status] [5604] Attempting to listen to socketPath: /var/folders/zm/6xzb_hrn4q545hn87_2fq4_c0000gn/T/fire_emu_5604.sock {"metadata":{"emulator":{"name":"functions"},"function":{"name":"europe-west3-api"},"message":"[runtime-status] [5604] Attempting to listen to socketPath: /var/folders/zm/6xzb_hrn4q545hn87_2fq4_c0000gn/T/fire_emu_5604.sock"}}
[debug] [2021-11-13T13:46:21.745Z] [functions] Runtime ready! Sending request! {"metadata":{"emulator":{"name":"functions"},"message":"[functions] Runtime ready! Sending request!"}}
[debug] [2021-11-13T13:46:21.746Z] [functions] Got req.url=/bookable24-61ec2/europe-west3/api/all-shop-bookings, mapping to path=/all-shop-bookings {"metadata":{"emulator":{"name":"functions"},"message":"[functions] Got req.url=/bookable24-61ec2/europe-west3/api/all-shop-bookings, mapping to path=/all-shop-bookings"}}
[debug] [2021-11-13T13:46:21.747Z] [runtime-status] [5604] Ephemeral server handling POST request {"metadata":{"emulator":{"name":"functions"},"function":{"name":"europe-west3-api"},"message":"[runtime-status] [5604] Ephemeral server handling POST request"}}
[debug] [2021-11-13T13:46:21.747Z] [runtime-status] [5604] Ephemeral server survived. {"metadata":{"emulator":{"name":"functions"},"function":{"name":"europe-west3-api"},"message":"[runtime-status] [5604] Ephemeral server survived."}}
[info] >  all SHOP BOOKING {"user":"all SHOP BOOKING","metadata":{"emulator":{"name":"functions"},"function":{"name":"europe-west3-api"},"message":"\u001b[90m> \u001b[39m all SHOP BOOKING"}}
[info] i  functions: Finished "europe-west3-api" in ~1s {"metadata":{"emulator":{"name":"functions"},"function":{"name":"europe-west3-api"},"message":"Finished \"europe-west3-api\" in ~1s"}}
[debug] [2021-11-13T13:46:22.032Z] [worker-europe-west3-api-1bd9feae-41c2-4dda-ae46-41e19f078dc6]: IDLE {"metadata":{"emulator":{"name":"functions"},"message":"[worker-europe-west3-api-1bd9feae-41c2-4dda-ae46-41e19f078dc6]: IDLE"}}
[debug] [2021-11-13T13:46:22.032Z] [work-queue] {"queueLength":0,"workRunningCount":0}
[debug] [2021-11-13T13:46:36.524Z] [work-queue] {"queueLength":1,"workRunningCount":0}
[debug] [2021-11-13T13:46:36.524Z] [work-queue] {"queueLength":0,"workRunningCount":1}
[debug] [2021-11-13T13:46:36.524Z] Accepted request OPTIONS /bookable24-61ec2/europe-west3/api/shopinfo --> europe-west3-api
[debug] [2021-11-13T13:46:36.524Z] [worker-pool] submitWork(triggerId=europe-west3-api) {"metadata":{"emulator":{"name":"functions"},"message":"[worker-pool] submitWork(triggerId=europe-west3-api)"}}
[debug] [2021-11-13T13:46:36.525Z] [worker-europe-west3-api-be4d9b31-920e-4ce6-8ba2-1aa60934e373]: Assigning socketPath: /var/folders/zm/6xzb_hrn4q545hn87_2fq4_c0000gn/T/fire_emu_5601.sock {"metadata":{"emulator":{"name":"functions"},"message":"[worker-europe-west3-api-be4d9b31-920e-4ce6-8ba2-1aa60934e373]: Assigning socketPath: /var/folders/zm/6xzb_hrn4q545hn87_2fq4_c0000gn/T/fire_emu_5601.sock"}}
[debug] [2021-11-13T13:46:36.525Z] [worker-europe-west3-api-be4d9b31-920e-4ce6-8ba2-1aa60934e373]: BUSY {"metadata":{"emulator":{"name":"functions"},"message":"[worker-europe-west3-api-be4d9b31-920e-4ce6-8ba2-1aa60934e373]: BUSY"}}
[debug] [2021-11-13T13:46:36.526Z] [runtime-status] [5601] Trigger "europe-west3-api" has been found, beginning invocation! {"metadata":{"emulator":{"name":"functions"},"function":{"name":"europe-west3-api"},"message":"[runtime-status] [5601] Trigger \"europe-west3-api\" has been found, beginning invocation!"}}
[info] i  functions: Beginning execution of "europe-west3-api" {"metadata":{"emulator":{"name":"functions"},"function":{"name":"europe-west3-api"},"message":"Beginning execution of \"europe-west3-api\""}}
[debug] [2021-11-13T13:46:36.526Z] [runtime-status] [5601] triggerDefinition {"regions":["europe-west3"],"httpsTrigger":{},"name":"api","entryPoint":"api","region":"europe-west3","id":"europe-west3-api"} {"metadata":{"emulator":{"name":"functions"},"function":{"name":"europe-west3-api"},"message":"[runtime-status] [5601] triggerDefinition {\"regions\":[\"europe-west3\"],\"httpsTrigger\":{},\"name\":\"api\",\"entryPoint\":\"api\",\"region\":\"europe-west3\",\"id\":\"europe-west3-api\"}"}}
[debug] [2021-11-13T13:46:36.526Z] [runtime-status] [5601] Running europe-west3-api in mode HTTPS {"metadata":{"emulator":{"name":"functions"},"function":{"name":"europe-west3-api"},"message":"[runtime-status] [5601] Running europe-west3-api in mode HTTPS"}}
[debug] [2021-11-13T13:46:36.526Z] [runtime-status] [5601] Attempting to listen to socketPath: /var/folders/zm/6xzb_hrn4q545hn87_2fq4_c0000gn/T/fire_emu_5601.sock {"metadata":{"emulator":{"name":"functions"},"function":{"name":"europe-west3-api"},"message":"[runtime-status] [5601] Attempting to listen to socketPath: /var/folders/zm/6xzb_hrn4q545hn87_2fq4_c0000gn/T/fire_emu_5601.sock"}}
[debug] [2021-11-13T13:46:36.528Z] [functions] Runtime ready! Sending request! {"metadata":{"emulator":{"name":"functions"},"message":"[functions] Runtime ready! Sending request!"}}
[debug] [2021-11-13T13:46:36.528Z] [functions] Got req.url=/bookable24-61ec2/europe-west3/api/shopinfo, mapping to path=/shopinfo {"metadata":{"emulator":{"name":"functions"},"message":"[functions] Got req.url=/bookable24-61ec2/europe-west3/api/shopinfo, mapping to path=/shopinfo"}}
[debug] [2021-11-13T13:46:36.532Z] [runtime-status] [5601] Ephemeral server handling OPTIONS request {"metadata":{"emulator":{"name":"functions"},"function":{"name":"europe-west3-api"},"message":"[runtime-status] [5601] Ephemeral server handling OPTIONS request"}}
[debug] [2021-11-13T13:46:36.533Z] [runtime-status] [5601] Ephemeral server survived. {"metadata":{"emulator":{"name":"functions"},"function":{"name":"europe-west3-api"},"message":"[runtime-status] [5601] Ephemeral server survived."}}
[info] i  functions: Finished "europe-west3-api" in ~1s {"metadata":{"emulator":{"name":"functions"},"function":{"name":"europe-west3-api"},"message":"Finished \"europe-west3-api\" in ~1s"}}
[debug] [2021-11-13T13:46:36.533Z] [worker-europe-west3-api-be4d9b31-920e-4ce6-8ba2-1aa60934e373]: IDLE {"metadata":{"emulator":{"name":"functions"},"message":"[worker-europe-west3-api-be4d9b31-920e-4ce6-8ba2-1aa60934e373]: IDLE"}}
[debug] [2021-11-13T13:46:36.533Z] [work-queue] {"queueLength":0,"workRunningCount":0}
[debug] [2021-11-13T13:46:36.534Z] [work-queue] {"queueLength":1,"workRunningCount":0}
[debug] [2021-11-13T13:46:36.534Z] [work-queue] {"queueLength":0,"workRunningCount":1}
[debug] [2021-11-13T13:46:36.534Z] Accepted request GET /bookable24-61ec2/europe-west3/api/shopinfo --> europe-west3-api
[debug] [2021-11-13T13:46:36.534Z] [worker-pool] submitWork(triggerId=europe-west3-api) {"metadata":{"emulator":{"name":"functions"},"message":"[worker-pool] submitWork(triggerId=europe-west3-api)"}}
[debug] [2021-11-13T13:46:36.535Z] [worker-europe-west3-api-be4d9b31-920e-4ce6-8ba2-1aa60934e373]: Assigning socketPath: /var/folders/zm/6xzb_hrn4q545hn87_2fq4_c0000gn/T/fire_emu_5601.sock {"metadata":{"emulator":{"name":"functions"},"message":"[worker-europe-west3-api-be4d9b31-920e-4ce6-8ba2-1aa60934e373]: Assigning socketPath: /var/folders/zm/6xzb_hrn4q545hn87_2fq4_c0000gn/T/fire_emu_5601.sock"}}
[debug] [2021-11-13T13:46:36.535Z] [worker-europe-west3-api-be4d9b31-920e-4ce6-8ba2-1aa60934e373]: BUSY {"metadata":{"emulator":{"name":"functions"},"message":"[worker-europe-west3-api-be4d9b31-920e-4ce6-8ba2-1aa60934e373]: BUSY"}}
[debug] [2021-11-13T13:46:36.543Z] [runtime-status] [5601] Trigger "europe-west3-api" has been found, beginning invocation! {"metadata":{"emulator":{"name":"functions"},"function":{"name":"europe-west3-api"},"message":"[runtime-status] [5601] Trigger \"europe-west3-api\" has been found, beginning invocation!"}}
[info] i  functions: Beginning execution of "europe-west3-api" {"metadata":{"emulator":{"name":"functions"},"function":{"name":"europe-west3-api"},"message":"Beginning execution of \"europe-west3-api\""}}
[debug] [2021-11-13T13:46:36.544Z] [runtime-status] [5601] triggerDefinition {"regions":["europe-west3"],"httpsTrigger":{},"name":"api","entryPoint":"api","region":"europe-west3","id":"europe-west3-api"} {"metadata":{"emulator":{"name":"functions"},"function":{"name":"europe-west3-api"},"message":"[runtime-status] [5601] triggerDefinition {\"regions\":[\"europe-west3\"],\"httpsTrigger\":{},\"name\":\"api\",\"entryPoint\":\"api\",\"region\":\"europe-west3\",\"id\":\"europe-west3-api\"}"}}
[debug] [2021-11-13T13:46:36.544Z] [runtime-status] [5601] Running europe-west3-api in mode HTTPS {"metadata":{"emulator":{"name":"functions"},"function":{"name":"europe-west3-api"},"message":"[runtime-status] [5601] Running europe-west3-api in mode HTTPS"}}
[debug] [2021-11-13T13:46:36.544Z] [runtime-status] [5601] Attempting to listen to socketPath: /var/folders/zm/6xzb_hrn4q545hn87_2fq4_c0000gn/T/fire_emu_5601.sock {"metadata":{"emulator":{"name":"functions"},"function":{"name":"europe-west3-api"},"message":"[runtime-status] [5601] Attempting to listen to socketPath: /var/folders/zm/6xzb_hrn4q545hn87_2fq4_c0000gn/T/fire_emu_5601.sock"}}
[debug] [2021-11-13T13:46:36.545Z] [functions] Runtime ready! Sending request! {"metadata":{"emulator":{"name":"functions"},"message":"[functions] Runtime ready! Sending request!"}}
[debug] [2021-11-13T13:46:36.545Z] [functions] Got req.url=/bookable24-61ec2/europe-west3/api/shopinfo, mapping to path=/shopinfo {"metadata":{"emulator":{"name":"functions"},"message":"[functions] Got req.url=/bookable24-61ec2/europe-west3/api/shopinfo, mapping to path=/shopinfo"}}
[debug] [2021-11-13T13:46:36.546Z] [runtime-status] [5601] Ephemeral server handling GET request {"metadata":{"emulator":{"name":"functions"},"function":{"name":"europe-west3-api"},"message":"[runtime-status] [5601] Ephemeral server handling GET request"}}
[info] >  get SHOP INFO {"user":"get SHOP INFO","metadata":{"emulator":{"name":"functions"},"function":{"name":"europe-west3-api"},"message":"\u001b[90m> \u001b[39m get SHOP INFO"}}
[debug] [2021-11-13T13:46:36.547Z] [runtime-status] [5601] Ephemeral server survived. {"metadata":{"emulator":{"name":"functions"},"function":{"name":"europe-west3-api"},"message":"[runtime-status] [5601] Ephemeral server survived."}}
[info] i  functions: Finished "europe-west3-api" in ~1s {"metadata":{"emulator":{"name":"functions"},"function":{"name":"europe-west3-api"},"message":"Finished \"europe-west3-api\" in ~1s"}}
[debug] [2021-11-13T13:46:36.729Z] [worker-europe-west3-api-be4d9b31-920e-4ce6-8ba2-1aa60934e373]: IDLE {"metadata":{"emulator":{"name":"functions"},"message":"[worker-europe-west3-api-be4d9b31-920e-4ce6-8ba2-1aa60934e373]: IDLE"}}
[debug] [2021-11-13T13:46:36.729Z] [work-queue] {"queueLength":0,"workRunningCount":0}
[debug] [2021-11-13T13:46:39.940Z] [work-queue] {"queueLength":1,"workRunningCount":0}
[debug] [2021-11-13T13:46:39.940Z] [work-queue] {"queueLength":0,"workRunningCount":1}
[debug] [2021-11-13T13:46:39.940Z] Accepted request GET /bookable24-61ec2/europe-west3/api/shopinfo --> europe-west3-api
[debug] [2021-11-13T13:46:39.940Z] [worker-pool] submitWork(triggerId=europe-west3-api) {"metadata":{"emulator":{"name":"functions"},"message":"[worker-pool] submitWork(triggerId=europe-west3-api)"}}
[debug] [2021-11-13T13:46:39.941Z] [worker-europe-west3-api-be4d9b31-920e-4ce6-8ba2-1aa60934e373]: Assigning socketPath: /var/folders/zm/6xzb_hrn4q545hn87_2fq4_c0000gn/T/fire_emu_5601.sock {"metadata":{"emulator":{"name":"functions"},"message":"[worker-europe-west3-api-be4d9b31-920e-4ce6-8ba2-1aa60934e373]: Assigning socketPath: /var/folders/zm/6xzb_hrn4q545hn87_2fq4_c0000gn/T/fire_emu_5601.sock"}}
[debug] [2021-11-13T13:46:39.941Z] [worker-europe-west3-api-be4d9b31-920e-4ce6-8ba2-1aa60934e373]: BUSY {"metadata":{"emulator":{"name":"functions"},"message":"[worker-europe-west3-api-be4d9b31-920e-4ce6-8ba2-1aa60934e373]: BUSY"}}
[debug] [2021-11-13T13:46:39.941Z] [runtime-status] [5601] Trigger "europe-west3-api" has been found, beginning invocation! {"metadata":{"emulator":{"name":"functions"},"function":{"name":"europe-west3-api"},"message":"[runtime-status] [5601] Trigger \"europe-west3-api\" has been found, beginning invocation!"}}
[info] i  functions: Beginning execution of "europe-west3-api" {"metadata":{"emulator":{"name":"functions"},"function":{"name":"europe-west3-api"},"message":"Beginning execution of \"europe-west3-api\""}}
[debug] [2021-11-13T13:46:39.942Z] [runtime-status] [5601] triggerDefinition {"regions":["europe-west3"],"httpsTrigger":{},"name":"api","entryPoint":"api","region":"europe-west3","id":"europe-west3-api"} {"metadata":{"emulator":{"name":"functions"},"function":{"name":"europe-west3-api"},"message":"[runtime-status] [5601] triggerDefinition {\"regions\":[\"europe-west3\"],\"httpsTrigger\":{},\"name\":\"api\",\"entryPoint\":\"api\",\"region\":\"europe-west3\",\"id\":\"europe-west3-api\"}"}}
[debug] [2021-11-13T13:46:39.942Z] [runtime-status] [5601] Running europe-west3-api in mode HTTPS {"metadata":{"emulator":{"name":"functions"},"function":{"name":"europe-west3-api"},"message":"[runtime-status] [5601] Running europe-west3-api in mode HTTPS"}}
[debug] [2021-11-13T13:46:39.942Z] [runtime-status] [5601] Attempting to listen to socketPath: /var/folders/zm/6xzb_hrn4q545hn87_2fq4_c0000gn/T/fire_emu_5601.sock {"metadata":{"emulator":{"name":"functions"},"function":{"name":"europe-west3-api"},"message":"[runtime-status] [5601] Attempting to listen to socketPath: /var/folders/zm/6xzb_hrn4q545hn87_2fq4_c0000gn/T/fire_emu_5601.sock"}}
[debug] [2021-11-13T13:46:39.943Z] [functions] Runtime ready! Sending request! {"metadata":{"emulator":{"name":"functions"},"message":"[functions] Runtime ready! Sending request!"}}
[debug] [2021-11-13T13:46:39.943Z] [functions] Got req.url=/bookable24-61ec2/europe-west3/api/shopinfo, mapping to path=/shopinfo {"metadata":{"emulator":{"name":"functions"},"message":"[functions] Got req.url=/bookable24-61ec2/europe-west3/api/shopinfo, mapping to path=/shopinfo"}}
[debug] [2021-11-13T13:46:39.945Z] [runtime-status] [5601] Ephemeral server handling GET request {"metadata":{"emulator":{"name":"functions"},"function":{"name":"europe-west3-api"},"message":"[runtime-status] [5601] Ephemeral server handling GET request"}}
[info] >  get SHOP INFO {"user":"get SHOP INFO","metadata":{"emulator":{"name":"functions"},"function":{"name":"europe-west3-api"},"message":"\u001b[90m> \u001b[39m get SHOP INFO"}}
[debug] [2021-11-13T13:46:39.946Z] [runtime-status] [5601] Ephemeral server survived. {"metadata":{"emulator":{"name":"functions"},"function":{"name":"europe-west3-api"},"message":"[runtime-status] [5601] Ephemeral server survived."}}
[info] i  functions: Finished "europe-west3-api" in ~1s {"metadata":{"emulator":{"name":"functions"},"function":{"name":"europe-west3-api"},"message":"Finished \"europe-west3-api\" in ~1s"}}
[debug] [2021-11-13T13:46:40.103Z] [worker-europe-west3-api-be4d9b31-920e-4ce6-8ba2-1aa60934e373]: IDLE {"metadata":{"emulator":{"name":"functions"},"message":"[worker-europe-west3-api-be4d9b31-920e-4ce6-8ba2-1aa60934e373]: IDLE"}}
[debug] [2021-11-13T13:46:40.103Z] [work-queue] {"queueLength":0,"workRunningCount":0}
[debug] [2021-11-13T13:46:45.125Z] [work-queue] {"queueLength":1,"workRunningCount":0}
[debug] [2021-11-13T13:46:45.125Z] [work-queue] {"queueLength":0,"workRunningCount":1}
[debug] [2021-11-13T13:46:45.125Z] Accepted request OPTIONS /bookable24-61ec2/europe-west3/api/shopinfo --> europe-west3-api
[debug] [2021-11-13T13:46:45.125Z] [worker-pool] submitWork(triggerId=europe-west3-api) {"metadata":{"emulator":{"name":"functions"},"message":"[worker-pool] submitWork(triggerId=europe-west3-api)"}}
[debug] [2021-11-13T13:46:45.125Z] [worker-europe-west3-api-be4d9b31-920e-4ce6-8ba2-1aa60934e373]: Assigning socketPath: /var/folders/zm/6xzb_hrn4q545hn87_2fq4_c0000gn/T/fire_emu_5601.sock {"metadata":{"emulator":{"name":"functions"},"message":"[worker-europe-west3-api-be4d9b31-920e-4ce6-8ba2-1aa60934e373]: Assigning socketPath: /var/folders/zm/6xzb_hrn4q545hn87_2fq4_c0000gn/T/fire_emu_5601.sock"}}
[debug] [2021-11-13T13:46:45.125Z] [worker-europe-west3-api-be4d9b31-920e-4ce6-8ba2-1aa60934e373]: BUSY {"metadata":{"emulator":{"name":"functions"},"message":"[worker-europe-west3-api-be4d9b31-920e-4ce6-8ba2-1aa60934e373]: BUSY"}}
[debug] [2021-11-13T13:46:45.125Z] [runtime-status] [5601] Trigger "europe-west3-api" has been found, beginning invocation! {"metadata":{"emulator":{"name":"functions"},"function":{"name":"europe-west3-api"},"message":"[runtime-status] [5601] Trigger \"europe-west3-api\" has been found, beginning invocation!"}}
[info] i  functions: Beginning execution of "europe-west3-api" {"metadata":{"emulator":{"name":"functions"},"function":{"name":"europe-west3-api"},"message":"Beginning execution of \"europe-west3-api\""}}
[debug] [2021-11-13T13:46:45.126Z] [runtime-status] [5601] triggerDefinition {"regions":["europe-west3"],"httpsTrigger":{},"name":"api","entryPoint":"api","region":"europe-west3","id":"europe-west3-api"} {"metadata":{"emulator":{"name":"functions"},"function":{"name":"europe-west3-api"},"message":"[runtime-status] [5601] triggerDefinition {\"regions\":[\"europe-west3\"],\"httpsTrigger\":{},\"name\":\"api\",\"entryPoint\":\"api\",\"region\":\"europe-west3\",\"id\":\"europe-west3-api\"}"}}
[debug] [2021-11-13T13:46:45.126Z] [runtime-status] [5601] Running europe-west3-api in mode HTTPS {"metadata":{"emulator":{"name":"functions"},"function":{"name":"europe-west3-api"},"message":"[runtime-status] [5601] Running europe-west3-api in mode HTTPS"}}
[debug] [2021-11-13T13:46:45.127Z] [runtime-status] [5601] Attempting to listen to socketPath: /var/folders/zm/6xzb_hrn4q545hn87_2fq4_c0000gn/T/fire_emu_5601.sock {"metadata":{"emulator":{"name":"functions"},"function":{"name":"europe-west3-api"},"message":"[runtime-status] [5601] Attempting to listen to socketPath: /var/folders/zm/6xzb_hrn4q545hn87_2fq4_c0000gn/T/fire_emu_5601.sock"}}
[debug] [2021-11-13T13:46:45.127Z] [functions] Runtime ready! Sending request! {"metadata":{"emulator":{"name":"functions"},"message":"[functions] Runtime ready! Sending request!"}}
[debug] [2021-11-13T13:46:45.127Z] [functions] Got req.url=/bookable24-61ec2/europe-west3/api/shopinfo, mapping to path=/shopinfo {"metadata":{"emulator":{"name":"functions"},"message":"[functions] Got req.url=/bookable24-61ec2/europe-west3/api/shopinfo, mapping to path=/shopinfo"}}
[debug] [2021-11-13T13:46:45.129Z] [runtime-status] [5601] Ephemeral server handling OPTIONS request {"metadata":{"emulator":{"name":"functions"},"function":{"name":"europe-west3-api"},"message":"[runtime-status] [5601] Ephemeral server handling OPTIONS request"}}
[debug] [2021-11-13T13:46:45.130Z] [runtime-status] [5601] Ephemeral server survived. {"metadata":{"emulator":{"name":"functions"},"function":{"name":"europe-west3-api"},"message":"[runtime-status] [5601] Ephemeral server survived."}}
[info] i  functions: Finished "europe-west3-api" in ~1s {"metadata":{"emulator":{"name":"functions"},"function":{"name":"europe-west3-api"},"message":"Finished \"europe-west3-api\" in ~1s"}}
[debug] [2021-11-13T13:46:45.130Z] [worker-europe-west3-api-be4d9b31-920e-4ce6-8ba2-1aa60934e373]: IDLE {"metadata":{"emulator":{"name":"functions"},"message":"[worker-europe-west3-api-be4d9b31-920e-4ce6-8ba2-1aa60934e373]: IDLE"}}
[debug] [2021-11-13T13:46:45.130Z] [work-queue] {"queueLength":0,"workRunningCount":0}
[debug] [2021-11-13T13:46:45.131Z] [work-queue] {"queueLength":1,"workRunningCount":0}
[debug] [2021-11-13T13:46:45.131Z] [work-queue] {"queueLength":0,"workRunningCount":1}
[debug] [2021-11-13T13:46:45.131Z] Accepted request GET /bookable24-61ec2/europe-west3/api/shopinfo --> europe-west3-api
[debug] [2021-11-13T13:46:45.131Z] [worker-pool] submitWork(triggerId=europe-west3-api) {"metadata":{"emulator":{"name":"functions"},"message":"[worker-pool] submitWork(triggerId=europe-west3-api)"}}
[debug] [2021-11-13T13:46:45.131Z] [worker-europe-west3-api-be4d9b31-920e-4ce6-8ba2-1aa60934e373]: Assigning socketPath: /var/folders/zm/6xzb_hrn4q545hn87_2fq4_c0000gn/T/fire_emu_5601.sock {"metadata":{"emulator":{"name":"functions"},"message":"[worker-europe-west3-api-be4d9b31-920e-4ce6-8ba2-1aa60934e373]: Assigning socketPath: /var/folders/zm/6xzb_hrn4q545hn87_2fq4_c0000gn/T/fire_emu_5601.sock"}}
[debug] [2021-11-13T13:46:45.131Z] [worker-europe-west3-api-be4d9b31-920e-4ce6-8ba2-1aa60934e373]: BUSY {"metadata":{"emulator":{"name":"functions"},"message":"[worker-europe-west3-api-be4d9b31-920e-4ce6-8ba2-1aa60934e373]: BUSY"}}
[debug] [2021-11-13T13:46:45.141Z] [runtime-status] [5601] Trigger "europe-west3-api" has been found, beginning invocation! {"metadata":{"emulator":{"name":"functions"},"function":{"name":"europe-west3-api"},"message":"[runtime-status] [5601] Trigger \"europe-west3-api\" has been found, beginning invocation!"}}
[info] i  functions: Beginning execution of "europe-west3-api" {"metadata":{"emulator":{"name":"functions"},"function":{"name":"europe-west3-api"},"message":"Beginning execution of \"europe-west3-api\""}}
[debug] [2021-11-13T13:46:45.141Z] [runtime-status] [5601] triggerDefinition {"regions":["europe-west3"],"httpsTrigger":{},"name":"api","entryPoint":"api","region":"europe-west3","id":"europe-west3-api"} {"metadata":{"emulator":{"name":"functions"},"function":{"name":"europe-west3-api"},"message":"[runtime-status] [5601] triggerDefinition {\"regions\":[\"europe-west3\"],\"httpsTrigger\":{},\"name\":\"api\",\"entryPoint\":\"api\",\"region\":\"europe-west3\",\"id\":\"europe-west3-api\"}"}}
[debug] [2021-11-13T13:46:45.141Z] [runtime-status] [5601] Running europe-west3-api in mode HTTPS {"metadata":{"emulator":{"name":"functions"},"function":{"name":"europe-west3-api"},"message":"[runtime-status] [5601] Running europe-west3-api in mode HTTPS"}}
[debug] [2021-11-13T13:46:45.141Z] [runtime-status] [5601] Attempting to listen to socketPath: /var/folders/zm/6xzb_hrn4q545hn87_2fq4_c0000gn/T/fire_emu_5601.sock {"metadata":{"emulator":{"name":"functions"},"function":{"name":"europe-west3-api"},"message":"[runtime-status] [5601] Attempting to listen to socketPath: /var/folders/zm/6xzb_hrn4q545hn87_2fq4_c0000gn/T/fire_emu_5601.sock"}}
[debug] [2021-11-13T13:46:45.143Z] [functions] Runtime ready! Sending request! {"metadata":{"emulator":{"name":"functions"},"message":"[functions] Runtime ready! Sending request!"}}
[debug] [2021-11-13T13:46:45.143Z] [functions] Got req.url=/bookable24-61ec2/europe-west3/api/shopinfo, mapping to path=/shopinfo {"metadata":{"emulator":{"name":"functions"},"message":"[functions] Got req.url=/bookable24-61ec2/europe-west3/api/shopinfo, mapping to path=/shopinfo"}}
[debug] [2021-11-13T13:46:45.144Z] [runtime-status] [5601] Ephemeral server handling GET request {"metadata":{"emulator":{"name":"functions"},"function":{"name":"europe-west3-api"},"message":"[runtime-status] [5601] Ephemeral server handling GET request"}}
[info] >  get SHOP INFO {"user":"get SHOP INFO","metadata":{"emulator":{"name":"functions"},"function":{"name":"europe-west3-api"},"message":"\u001b[90m> \u001b[39m get SHOP INFO"}}
[debug] [2021-11-13T13:46:45.145Z] [runtime-status] [5601] Ephemeral server survived. {"metadata":{"emulator":{"name":"functions"},"function":{"name":"europe-west3-api"},"message":"[runtime-status] [5601] Ephemeral server survived."}}
[info] i  functions: Finished "europe-west3-api" in ~1s {"metadata":{"emulator":{"name":"functions"},"function":{"name":"europe-west3-api"},"message":"Finished \"europe-west3-api\" in ~1s"}}
[debug] [2021-11-13T13:46:45.291Z] [worker-europe-west3-api-be4d9b31-920e-4ce6-8ba2-1aa60934e373]: IDLE {"metadata":{"emulator":{"name":"functions"},"message":"[worker-europe-west3-api-be4d9b31-920e-4ce6-8ba2-1aa60934e373]: IDLE"}}
[debug] [2021-11-13T13:46:45.291Z] [work-queue] {"queueLength":0,"workRunningCount":0}
[debug] [2021-11-13T13:46:56.907Z] [work-queue] {"queueLength":1,"workRunningCount":0}
[debug] [2021-11-13T13:46:56.907Z] [work-queue] {"queueLength":0,"workRunningCount":1}
[debug] [2021-11-13T13:46:56.907Z] Accepted request OPTIONS /bookable24-61ec2/europe-west3/api/all-shop-bookings --> europe-west3-api
[debug] [2021-11-13T13:46:56.907Z] [worker-pool] submitWork(triggerId=europe-west3-api) {"metadata":{"emulator":{"name":"functions"},"message":"[worker-pool] submitWork(triggerId=europe-west3-api)"}}
[debug] [2021-11-13T13:46:56.907Z] [worker-europe-west3-api-be4d9b31-920e-4ce6-8ba2-1aa60934e373]: Assigning socketPath: /var/folders/zm/6xzb_hrn4q545hn87_2fq4_c0000gn/T/fire_emu_5601.sock {"metadata":{"emulator":{"name":"functions"},"message":"[worker-europe-west3-api-be4d9b31-920e-4ce6-8ba2-1aa60934e373]: Assigning socketPath: /var/folders/zm/6xzb_hrn4q545hn87_2fq4_c0000gn/T/fire_emu_5601.sock"}}
[debug] [2021-11-13T13:46:56.907Z] [worker-europe-west3-api-be4d9b31-920e-4ce6-8ba2-1aa60934e373]: BUSY {"metadata":{"emulator":{"name":"functions"},"message":"[worker-europe-west3-api-be4d9b31-920e-4ce6-8ba2-1aa60934e373]: BUSY"}}
[debug] [2021-11-13T13:46:56.907Z] [runtime-status] [5601] Trigger "europe-west3-api" has been found, beginning invocation! {"metadata":{"emulator":{"name":"functions"},"function":{"name":"europe-west3-api"},"message":"[runtime-status] [5601] Trigger \"europe-west3-api\" has been found, beginning invocation!"}}
[info] i  functions: Beginning execution of "europe-west3-api" {"metadata":{"emulator":{"name":"functions"},"function":{"name":"europe-west3-api"},"message":"Beginning execution of \"europe-west3-api\""}}
[debug] [2021-11-13T13:46:56.908Z] [runtime-status] [5601] triggerDefinition {"regions":["europe-west3"],"httpsTrigger":{},"name":"api","entryPoint":"api","region":"europe-west3","id":"europe-west3-api"} {"metadata":{"emulator":{"name":"functions"},"function":{"name":"europe-west3-api"},"message":"[runtime-status] [5601] triggerDefinition {\"regions\":[\"europe-west3\"],\"httpsTrigger\":{},\"name\":\"api\",\"entryPoint\":\"api\",\"region\":\"europe-west3\",\"id\":\"europe-west3-api\"}"}}
[debug] [2021-11-13T13:46:56.908Z] [runtime-status] [5601] Running europe-west3-api in mode HTTPS {"metadata":{"emulator":{"name":"functions"},"function":{"name":"europe-west3-api"},"message":"[runtime-status] [5601] Running europe-west3-api in mode HTTPS"}}
[debug] [2021-11-13T13:46:56.908Z] [runtime-status] [5601] Attempting to listen to socketPath: /var/folders/zm/6xzb_hrn4q545hn87_2fq4_c0000gn/T/fire_emu_5601.sock {"metadata":{"emulator":{"name":"functions"},"function":{"name":"europe-west3-api"},"message":"[runtime-status] [5601] Attempting to listen to socketPath: /var/folders/zm/6xzb_hrn4q545hn87_2fq4_c0000gn/T/fire_emu_5601.sock"}}
[debug] [2021-11-13T13:46:56.911Z] [functions] Runtime ready! Sending request! {"metadata":{"emulator":{"name":"functions"},"message":"[functions] Runtime ready! Sending request!"}}
[debug] [2021-11-13T13:46:56.911Z] [functions] Got req.url=/bookable24-61ec2/europe-west3/api/all-shop-bookings, mapping to path=/all-shop-bookings {"metadata":{"emulator":{"name":"functions"},"message":"[functions] Got req.url=/bookable24-61ec2/europe-west3/api/all-shop-bookings, mapping to path=/all-shop-bookings"}}
[debug] [2021-11-13T13:46:56.912Z] [runtime-status] [5601] Ephemeral server handling OPTIONS request {"metadata":{"emulator":{"name":"functions"},"function":{"name":"europe-west3-api"},"message":"[runtime-status] [5601] Ephemeral server handling OPTIONS request"}}
[debug] [2021-11-13T13:46:56.913Z] [runtime-status] [5601] Ephemeral server survived. {"metadata":{"emulator":{"name":"functions"},"function":{"name":"europe-west3-api"},"message":"[runtime-status] [5601] Ephemeral server survived."}}
[info] i  functions: Finished "europe-west3-api" in ~1s {"metadata":{"emulator":{"name":"functions"},"function":{"name":"europe-west3-api"},"message":"Finished \"europe-west3-api\" in ~1s"}}
[debug] [2021-11-13T13:46:56.913Z] [worker-europe-west3-api-be4d9b31-920e-4ce6-8ba2-1aa60934e373]: IDLE {"metadata":{"emulator":{"name":"functions"},"message":"[worker-europe-west3-api-be4d9b31-920e-4ce6-8ba2-1aa60934e373]: IDLE"}}
[debug] [2021-11-13T13:46:56.913Z] [work-queue] {"queueLength":0,"workRunningCount":0}
[debug] [2021-11-13T13:46:56.914Z] [work-queue] {"queueLength":1,"workRunningCount":0}
[debug] [2021-11-13T13:46:56.914Z] [work-queue] {"queueLength":0,"workRunningCount":1}
[debug] [2021-11-13T13:46:56.914Z] Accepted request POST /bookable24-61ec2/europe-west3/api/all-shop-bookings --> europe-west3-api
[debug] [2021-11-13T13:46:56.914Z] [worker-pool] submitWork(triggerId=europe-west3-api) {"metadata":{"emulator":{"name":"functions"},"message":"[worker-pool] submitWork(triggerId=europe-west3-api)"}}
[debug] [2021-11-13T13:46:56.914Z] [worker-europe-west3-api-be4d9b31-920e-4ce6-8ba2-1aa60934e373]: Assigning socketPath: /var/folders/zm/6xzb_hrn4q545hn87_2fq4_c0000gn/T/fire_emu_5601.sock {"metadata":{"emulator":{"name":"functions"},"message":"[worker-europe-west3-api-be4d9b31-920e-4ce6-8ba2-1aa60934e373]: Assigning socketPath: /var/folders/zm/6xzb_hrn4q545hn87_2fq4_c0000gn/T/fire_emu_5601.sock"}}
[debug] [2021-11-13T13:46:56.914Z] [worker-europe-west3-api-be4d9b31-920e-4ce6-8ba2-1aa60934e373]: BUSY {"metadata":{"emulator":{"name":"functions"},"message":"[worker-europe-west3-api-be4d9b31-920e-4ce6-8ba2-1aa60934e373]: BUSY"}}
[debug] [2021-11-13T13:46:56.924Z] [runtime-status] [5601] Trigger "europe-west3-api" has been found, beginning invocation! {"metadata":{"emulator":{"name":"functions"},"function":{"name":"europe-west3-api"},"message":"[runtime-status] [5601] Trigger \"europe-west3-api\" has been found, beginning invocation!"}}
[info] i  functions: Beginning execution of "europe-west3-api" {"metadata":{"emulator":{"name":"functions"},"function":{"name":"europe-west3-api"},"message":"Beginning execution of \"europe-west3-api\""}}
[debug] [2021-11-13T13:46:56.925Z] [runtime-status] [5601] triggerDefinition {"regions":["europe-west3"],"httpsTrigger":{},"name":"api","entryPoint":"api","region":"europe-west3","id":"europe-west3-api"} {"metadata":{"emulator":{"name":"functions"},"function":{"name":"europe-west3-api"},"message":"[runtime-status] [5601] triggerDefinition {\"regions\":[\"europe-west3\"],\"httpsTrigger\":{},\"name\":\"api\",\"entryPoint\":\"api\",\"region\":\"europe-west3\",\"id\":\"europe-west3-api\"}"}}
[debug] [2021-11-13T13:46:56.925Z] [runtime-status] [5601] Running europe-west3-api in mode HTTPS {"metadata":{"emulator":{"name":"functions"},"function":{"name":"europe-west3-api"},"message":"[runtime-status] [5601] Running europe-west3-api in mode HTTPS"}}
[debug] [2021-11-13T13:46:56.925Z] [runtime-status] [5601] Attempting to listen to socketPath: /var/folders/zm/6xzb_hrn4q545hn87_2fq4_c0000gn/T/fire_emu_5601.sock {"metadata":{"emulator":{"name":"functions"},"function":{"name":"europe-west3-api"},"message":"[runtime-status] [5601] Attempting to listen to socketPath: /var/folders/zm/6xzb_hrn4q545hn87_2fq4_c0000gn/T/fire_emu_5601.sock"}}
[debug] [2021-11-13T13:46:56.926Z] [functions] Runtime ready! Sending request! {"metadata":{"emulator":{"name":"functions"},"message":"[functions] Runtime ready! Sending request!"}}
[debug] [2021-11-13T13:46:56.926Z] [functions] Got req.url=/bookable24-61ec2/europe-west3/api/all-shop-bookings, mapping to path=/all-shop-bookings {"metadata":{"emulator":{"name":"functions"},"message":"[functions] Got req.url=/bookable24-61ec2/europe-west3/api/all-shop-bookings, mapping to path=/all-shop-bookings"}}
[debug] [2021-11-13T13:46:56.934Z] [runtime-status] [5601] Ephemeral server handling POST request {"metadata":{"emulator":{"name":"functions"},"function":{"name":"europe-west3-api"},"message":"[runtime-status] [5601] Ephemeral server handling POST request"}}
[info] >  all SHOP BOOKING {"user":"all SHOP BOOKING","metadata":{"emulator":{"name":"functions"},"function":{"name":"europe-west3-api"},"message":"\u001b[90m> \u001b[39m all SHOP BOOKING"}}
[debug] [2021-11-13T13:46:56.934Z] [runtime-status] [5601] Ephemeral server survived. {"metadata":{"emulator":{"name":"functions"},"function":{"name":"europe-west3-api"},"message":"[runtime-status] [5601] Ephemeral server survived."}}
[info] i  functions: Finished "europe-west3-api" in ~1s {"metadata":{"emulator":{"name":"functions"},"function":{"name":"europe-west3-api"},"message":"Finished \"europe-west3-api\" in ~1s"}}
[debug] [2021-11-13T13:46:57.242Z] [worker-europe-west3-api-be4d9b31-920e-4ce6-8ba2-1aa60934e373]: IDLE {"metadata":{"emulator":{"name":"functions"},"message":"[worker-europe-west3-api-be4d9b31-920e-4ce6-8ba2-1aa60934e373]: IDLE"}}
[debug] [2021-11-13T13:46:57.242Z] [work-queue] {"queueLength":0,"workRunningCount":0}
